2021-10-26 18:43:35.366 UTC INFO - [admin1] Initializing PRIMARY Admin for store: kvstore
2021-10-26 18:43:35.367 UTC INFO - [admin1] Created new admin environment dir: .\kvroot\kvstore\sn1\admin1\env
2021-10-26 18:43:35.370 UTC INFO - [admin1] JVM Runtime maxMemory (bytes): 3765960704
2021-10-26 18:43:35.370 UTC INFO - [admin1] Non-default JE properties for environment: {je.env.runVerifier=false, je.log.faultReadSize=4096, je.env.runEvictor=true, je.cleaner.minUtilization=40, je.maxDisk=3221225472, je.lock.nLockTables=97, je.cleaner.threads=2, je.log.writeQueueSize=2097152, je.evictor.criticalPercentage=20, je.log.iteratorReadSize=1048576, je.log.numBuffers=16, je.nodeMaxEntries=128, je.lock.timeout=10 s, je.cleaner.minFileUtilization=5, je.txn.durability=write_no_sync,write_no_sync,simple_majority, je.cleaner.readSize=1048576, je.log.fileCacheSize=2000, je.log.fileMax=52428800}
2021-10-26 18:43:35.378 UTC INFO - [admin1] DataChannelFactory: basic
2021-10-26 18:43:35.381 UTC INFO - [admin1] AdminStateTracker thread start: admin1
2021-10-26 18:43:35.428 UTC INFO - [admin1] JE: Coordinating tasks:JEBackupManagerCopyLogFileMax real permits:1
2021-10-26 18:43:35.660 UTC INFO - [admin1] JE recovery: POPULATE_UTILIZATION_PROFILE
2021-10-26 18:43:35.675 UTC INFO - [admin1] JE recovery: POPULATE_EXPIRATION_PROFILE
2021-10-26 18:43:35.679 UTC INFO - [admin1] JE recovery: REMOVE_TEMP_DBS
2021-10-26 18:43:35.686 UTC INFO - [admin1] JE recovery: CKPT
2021-10-26 18:43:35.702 UTC INFO - [admin1] JE recovery: RECOVERY_FINISHED
2021-10-26 18:43:35.713 UTC INFO - [admin1] JE: No server auth method
2021-10-26 18:43:35.713 UTC INFO - [admin1] JE: Started ServiceDispatcher. HostPort=DESKTOP-RMNFMID:5002
2021-10-26 18:43:35.714 UTC INFO - [admin1] JE: DataChannel factory: com.sleepycat.je.rep.utilint.net.SimpleChannelFactory
2021-10-26 18:43:35.736 UTC INFO - [admin1] JE: DTVLSN at start:0
2021-10-26 18:43:35.737 UTC INFO - [admin1] JE: node:NullNode(-1) state change from DETACHED to UNKNOWN
2021-10-26 18:43:35.746 UTC INFO - [admin1] JE: Acceptor started
2021-10-26 18:43:35.748 UTC INFO - [admin1] JE: Current group size: 0
2021-10-26 18:43:35.748 UTC INFO - [admin1] JE: Learner started
2021-10-26 18:43:35.748 UTC INFO - [admin1] JE: New node 1(-1) unknown to rep group
2021-10-26 18:43:35.748 UTC INFO - [admin1] JE: Learner notified. Proposal:Proposal(0000017cbdea36c4:d144bf6dacb4b26123389358a86984fd:00000001) Value: Value:DESKTOP-RMNFMID$$$5002$$$1$$$1
2021-10-26 18:43:35.749 UTC INFO - [admin1] JE: Master changed to 1
2021-10-26 18:43:35.749 UTC INFO - [admin1] JE: Nascent group. 1 is master by virtue of being the first node.
2021-10-26 18:43:35.749 UTC INFO - [admin1] JE: node:1(1) state change from UNKNOWN to MASTER
2021-10-26 18:43:35.761 UTC INFO - [admin1] JE: Successfully added node:1(1) HostPort = DESKTOP-RMNFMID: 5002 [ELECTABLE]
2021-10-26 18:43:35.767 UTC INFO - [admin1] JE: Updated minimum JE group version to 7.5.0
2021-10-26 18:43:35.767 UTC INFO - [admin1] JE recovery: BECOME_CONSISTENT
2021-10-26 18:43:35.767 UTC INFO - [admin1] JE: Node 1 started
2021-10-26 18:43:35.767 UTC INFO - [admin1] JE: node:NullNode(-1) state change from MASTER to UNKNOWN
2021-10-26 18:43:35.768 UTC INFO - [admin1] JE: node:1(1) state change from UNKNOWN to MASTER
2021-10-26 18:43:35.768 UTC INFO - [admin1] JE: Feeder manager accepting requests.
2021-10-26 18:43:35.769 UTC INFO - [admin1] JE: Joining group as master
2021-10-26 18:43:35.770 UTC INFO - [admin1] State change event: Tue Oct 26 20:43:35 CEST 2021, State: MASTER, Type: PRIMARY, Master: 1
2021-10-26 18:43:35.770 UTC INFO - [admin1] AdminStateTracker queue added:MASTER
2021-10-26 18:43:35.772 UTC INFO - [admin1] Initializing Admin Schema to schema version 5/NoSQL DB 19.5.25 2021-09-15 02:38:56 UTC  Build id: 7d999093884a Edition: Enterprise
2021-10-26 18:43:35.779 UTC INFO - [admin1] Initialize stores at schema version 5, readOnly=false
2021-10-26 18:43:35.782 UTC INFO - [admin1] Open: AdminCriticalEventsDatabase
2021-10-26 18:43:35.785 UTC INFO - [admin1] Open: AdminParametersDatabase
2021-10-26 18:43:35.786 UTC INFO - [admin1] Open: AdminMemoDatabase
2021-10-26 18:43:35.788 UTC INFO - [admin1] Open: AdminPlanDatabase
2021-10-26 18:43:35.789 UTC INFO - [admin1] Open: AdminSecurityDatabase
2021-10-26 18:43:35.790 UTC INFO - [admin1] Open: AdminTableDatabase
2021-10-26 18:43:35.791 UTC INFO - [admin1] Open: AdminTopologyHistoryDatabase
2021-10-26 18:43:35.792 UTC INFO - [admin1] Open: AdminTopologyCandidateDatabase
2021-10-26 18:43:35.792 UTC FINE - Closing StorewideLoggingView
2021-10-26 18:43:35.794 UTC INFO - [admin1] Initializing Admin database
2021-10-26 18:43:35.810 UTC INFO - [admin1] Admin database initialized
2021-10-26 18:43:35.812 UTC INFO - [admin1] statusListener service port: 60607
2021-10-26 18:43:35.813 UTC INFO - [admin1] perfListener service port: 60607
2021-10-26 18:43:35.813 UTC INFO - [admin1] logListener service port: 60607
2021-10-26 18:43:35.819 UTC INFO - [admin1] Starting Thread[System table monitor,5,RMI Runtime]
2021-10-26 18:43:35.820 UTC INFO - [admin1] Checking status of system tables
2021-10-26 18:43:35.825 UTC INFO - [admin1] Replicated environment handle established. Cache size: 2259576422, State: MASTER
2021-10-26 18:43:35.835 UTC INFO - [admin1] Starting task: interval is 20 SECONDS, delay is 4165(ms)
2021-10-26 18:43:35.836 UTC INFO - [admin1] Configured Admin for store: kvstore
2021-10-26 18:43:35.837 UTC INFO - [admin1] Admin web service is not starting up, web port: -1
2021-10-26 18:43:35.866 UTC INFO - [admin1] PlanStateChange [id=1 name=Deploy KVLite state=APPROVED at 2021-10-26 18:43:35 UTC numAttempts=0 : approval requested]
2021-10-26 18:43:35.869 UTC INFO - [admin1] Plan 1 [Deploy KVLite] approved
2021-10-26 18:43:35.872 UTC INFO - [admin1] PlanStateChange [id=1 name=Deploy KVLite state=RUNNING at 2021-10-26 18:43:35 UTC numAttempts=1 : Plan is starting]
2021-10-26 18:43:35.872 UTC INFO - [admin1] Plan 1 [Deploy KVLite] started, 1 tasks
2021-10-26 18:43:35.884 UTC INFO - [admin1] Plan 1 [Deploy KVLite] task [DeployDatacenter zone=KVLite] [1] started
2021-10-26 18:43:35.890 UTC INFO - [admin1] PlanProgress [id=1 name=Deploy KVLite state=RUNNING reportTime=2021-10-26 18:43:35 UTC numAttempts=1 generalTask_Total=1 generalTask_Successful=1]
2021-10-26 18:43:35.892 UTC INFO - [admin1] Plan 1 [Deploy KVLite] task [DeployDatacenter zone=KVLite] [1] ended, state=SUCCEEDED
2021-10-26 18:43:35.893 UTC INFO - [admin1] PlanStateChange [id=1 name=Deploy KVLite state=SUCCEEDED at 2021-10-26 18:43:35 UTC numAttempts=1 : Plan finished.]
2021-10-26 18:43:35.894 UTC INFO - [admin1] PlanStateChange [id=2 name=SYS$Create system table SYS$PartitionStatsLease state=APPROVED at 2021-10-26 18:43:35 UTC numAttempts=0 : approval requested]
2021-10-26 18:43:35.895 UTC INFO - [admin1] Plan 1 [Deploy KVLite] ended, state=SUCCEEDED
2021-10-26 18:43:35.897 UTC INFO - [admin1] Plan 2 [SYS$Create system table SYS$PartitionStatsLease] approved
2021-10-26 18:43:35.897 UTC INFO - [admin1] PlanStateChange [id=2 name=SYS$Create system table SYS$PartitionStatsLease state=RUNNING at 2021-10-26 18:43:35 UTC numAttempts=1 : Plan is starting]
2021-10-26 18:43:35.897 UTC INFO - [admin1] Plan 2 [SYS$Create system table SYS$PartitionStatsLease] started, 1 tasks
2021-10-26 18:43:35.901 UTC INFO - [admin1] Plan 2 [SYS$Create system table SYS$PartitionStatsLease] task [AddTable SYS$PartitionStatsLease] [1] started
2021-10-26 18:43:35.902 UTC INFO - [admin1] PlanStateChange [id=3 name=SYS$Create system table SYS$StreamRequest state=APPROVED at 2021-10-26 18:43:35 UTC numAttempts=0 : approval requested]
2021-10-26 18:43:35.906 UTC INFO - [admin1] Plan 3 [SYS$Create system table SYS$StreamRequest] approved
2021-10-26 18:43:35.907 UTC INFO - [admin1] PlanStateChange [id=3 name=SYS$Create system table SYS$StreamRequest state=RUNNING at 2021-10-26 18:43:35 UTC numAttempts=1 : Plan is starting]
2021-10-26 18:43:35.907 UTC INFO - [admin1] Plan 3 [SYS$Create system table SYS$StreamRequest] started, 1 tasks
2021-10-26 18:43:35.909 UTC INFO - [admin1] Plan 3 [SYS$Create system table SYS$StreamRequest] task [AddTable SYS$StreamRequest] [1] started
2021-10-26 18:43:35.924 UTC INFO - [admin1] PlanStateChange [id=4 name=Deploy Storage Node state=APPROVED at 2021-10-26 18:43:35 UTC numAttempts=0 : approval requested]
2021-10-26 18:43:35.928 UTC INFO - [admin1] Plan 4 [Deploy Storage Node] approved
2021-10-26 18:43:35.930 UTC INFO - [admin1] PlanStateChange [id=4 name=Deploy Storage Node state=RUNNING at 2021-10-26 18:43:35 UTC numAttempts=1 : Plan is starting]
2021-10-26 18:43:35.930 UTC INFO - [admin1] PlanProgress [id=2 name=SYS$Create system table SYS$PartitionStatsLease state=RUNNING reportTime=2021-10-26 18:43:35 UTC numAttempts=1 generalTask_Total=1 generalTask_Successful=1]
2021-10-26 18:43:35.930 UTC INFO - [admin1] Plan 4 [Deploy Storage Node] started, 1 tasks
2021-10-26 18:43:35.933 UTC INFO - [admin1] Plan 2 [SYS$Create system table SYS$PartitionStatsLease] task [AddTable SYS$PartitionStatsLease] [1] ended, state=SUCCEEDED
2021-10-26 18:43:35.934 UTC INFO - [admin1] PlanStateChange [id=2 name=SYS$Create system table SYS$PartitionStatsLease state=SUCCEEDED at 2021-10-26 18:43:35 UTC numAttempts=1 : Plan finished.]
2021-10-26 18:43:35.935 UTC INFO - [admin1] PlanProgress [id=3 name=SYS$Create system table SYS$StreamRequest state=RUNNING reportTime=2021-10-26 18:43:35 UTC numAttempts=1 generalTask_Total=1 generalTask_Successful=1]
2021-10-26 18:43:35.936 UTC INFO - [admin1] Plan 4 [Deploy Storage Node] task [DeploySN sn1(DESKTOP-RMNFMID:5000)] [1] started
2021-10-26 18:43:35.937 UTC INFO - [admin1] Plan 3 [SYS$Create system table SYS$StreamRequest] task [AddTable SYS$StreamRequest] [1] ended, state=SUCCEEDED
2021-10-26 18:43:35.937 UTC INFO - [admin1] Plan 2 [SYS$Create system table SYS$PartitionStatsLease] ended, state=SUCCEEDED
2021-10-26 18:43:35.938 UTC INFO - [admin1] PlanStateChange [id=3 name=SYS$Create system table SYS$StreamRequest state=SUCCEEDED at 2021-10-26 18:43:35 UTC numAttempts=1 : Plan finished.]
2021-10-26 18:43:35.939 UTC INFO - [admin1] PlanStateChange [id=5 name=SYS$Create system table SYS$IndexStatsLease state=APPROVED at 2021-10-26 18:43:35 UTC numAttempts=0 : approval requested]
2021-10-26 18:43:35.940 UTC INFO - [admin1] Plan 3 [SYS$Create system table SYS$StreamRequest] ended, state=SUCCEEDED
2021-10-26 18:43:35.942 UTC INFO - [admin1] Plan 5 [SYS$Create system table SYS$IndexStatsLease] approved
2021-10-26 18:43:35.942 UTC INFO - [admin1] PlanStateChange [id=5 name=SYS$Create system table SYS$IndexStatsLease state=RUNNING at 2021-10-26 18:43:35 UTC numAttempts=1 : Plan is starting]
2021-10-26 18:43:35.942 UTC INFO - [admin1] Plan 5 [SYS$Create system table SYS$IndexStatsLease] started, 1 tasks
2021-10-26 18:43:35.946 UTC INFO - [admin1] Plan 5 [SYS$Create system table SYS$IndexStatsLease] task [AddTable SYS$IndexStatsLease] [1] started
2021-10-26 18:43:35.951 UTC INFO - [admin1] PlanStateChange [id=6 name=SYS$Create system table SYS$TableStatsPartition state=APPROVED at 2021-10-26 18:43:35 UTC numAttempts=0 : approval requested]
2021-10-26 18:43:35.955 UTC INFO - [admin1] Plan 6 [SYS$Create system table SYS$TableStatsPartition] approved
2021-10-26 18:43:35.955 UTC INFO - [admin1] PlanStateChange [id=6 name=SYS$Create system table SYS$TableStatsPartition state=RUNNING at 2021-10-26 18:43:35 UTC numAttempts=1 : Plan is starting]
2021-10-26 18:43:35.955 UTC INFO - [admin1] Plan 6 [SYS$Create system table SYS$TableStatsPartition] started, 1 tasks
2021-10-26 18:43:35.957 UTC INFO - [admin1] PlanProgress [id=5 name=SYS$Create system table SYS$IndexStatsLease state=RUNNING reportTime=2021-10-26 18:43:35 UTC numAttempts=1 generalTask_Total=1 generalTask_Successful=1]
2021-10-26 18:43:35.960 UTC INFO - [admin1] Plan 6 [SYS$Create system table SYS$TableStatsPartition] task [AddTable SYS$TableStatsPartition] [1] started
2021-10-26 18:43:35.960 UTC INFO - [admin1] Plan 5 [SYS$Create system table SYS$IndexStatsLease] task [AddTable SYS$IndexStatsLease] [1] ended, state=SUCCEEDED
2021-10-26 18:43:35.963 UTC INFO - [admin1] PlanStateChange [id=5 name=SYS$Create system table SYS$IndexStatsLease state=SUCCEEDED at 2021-10-26 18:43:35 UTC numAttempts=1 : Plan finished.]
2021-10-26 18:43:35.963 UTC INFO - [admin1] PlanStateChange [id=7 name=SYS$Create system table SYS$TableStatsIndex state=APPROVED at 2021-10-26 18:43:35 UTC numAttempts=0 : approval requested]
2021-10-26 18:43:35.965 UTC INFO - [admin1] Plan 5 [SYS$Create system table SYS$IndexStatsLease] ended, state=SUCCEEDED
2021-10-26 18:43:35.967 UTC INFO - [admin1] Plan 7 [SYS$Create system table SYS$TableStatsIndex] approved
2021-10-26 18:43:35.967 UTC INFO - [admin1] PlanStateChange [id=7 name=SYS$Create system table SYS$TableStatsIndex state=RUNNING at 2021-10-26 18:43:35 UTC numAttempts=1 : Plan is starting]
2021-10-26 18:43:35.967 UTC INFO - [admin1] Plan 7 [SYS$Create system table SYS$TableStatsIndex] started, 1 tasks
2021-10-26 18:43:35.972 UTC INFO - [admin1] Plan 7 [SYS$Create system table SYS$TableStatsIndex] task [AddTable SYS$TableStatsIndex] [1] started
2021-10-26 18:43:35.972 UTC INFO - [admin1] PlanProgress [id=6 name=SYS$Create system table SYS$TableStatsPartition state=RUNNING reportTime=2021-10-26 18:43:35 UTC numAttempts=1 generalTask_Total=1 generalTask_Successful=1]
2021-10-26 18:43:35.975 UTC INFO - [admin1] Plan 6 [SYS$Create system table SYS$TableStatsPartition] task [AddTable SYS$TableStatsPartition] [1] ended, state=SUCCEEDED
2021-10-26 18:43:35.975 UTC INFO - [admin1] PlanStateChange [id=6 name=SYS$Create system table SYS$TableStatsPartition state=SUCCEEDED at 2021-10-26 18:43:35 UTC numAttempts=1 : Plan finished.]
2021-10-26 18:43:35.976 UTC INFO - [admin1] PlanStateChange [id=8 name=SYS$Create system table SYS$SGAttributesTable state=APPROVED at 2021-10-26 18:43:35 UTC numAttempts=0 : approval requested]
2021-10-26 18:43:35.977 UTC INFO - [admin1] Plan 6 [SYS$Create system table SYS$TableStatsPartition] ended, state=SUCCEEDED
2021-10-26 18:43:35.979 UTC INFO - [admin1] Plan 8 [SYS$Create system table SYS$SGAttributesTable] approved
2021-10-26 18:43:35.979 UTC INFO - [admin1] PlanStateChange [id=8 name=SYS$Create system table SYS$SGAttributesTable state=RUNNING at 2021-10-26 18:43:35 UTC numAttempts=1 : Plan is starting]
2021-10-26 18:43:35.979 UTC INFO - [admin1] Plan 8 [SYS$Create system table SYS$SGAttributesTable] started, 1 tasks
2021-10-26 18:43:35.981 UTC INFO - [admin1] PlanProgress [id=7 name=SYS$Create system table SYS$TableStatsIndex state=RUNNING reportTime=2021-10-26 18:43:35 UTC numAttempts=1 generalTask_Total=1 generalTask_Successful=1]
2021-10-26 18:43:35.983 UTC INFO - [admin1] Plan 7 [SYS$Create system table SYS$TableStatsIndex] task [AddTable SYS$TableStatsIndex] [1] ended, state=SUCCEEDED
2021-10-26 18:43:35.983 UTC INFO - [admin1] Plan 8 [SYS$Create system table SYS$SGAttributesTable] task [AddTable SYS$SGAttributesTable] [1] started
2021-10-26 18:43:35.983 UTC INFO - [admin1] PlanStateChange [id=7 name=SYS$Create system table SYS$TableStatsIndex state=SUCCEEDED at 2021-10-26 18:43:35 UTC numAttempts=1 : Plan finished.]
2021-10-26 18:43:35.986 UTC INFO - [admin1] Plan 7 [SYS$Create system table SYS$TableStatsIndex] ended, state=SUCCEEDED
2021-10-26 18:43:35.988 UTC INFO - [admin1] PlanStateChange [id=9 name=SYS$Create system table SYS$StreamResponse state=APPROVED at 2021-10-26 18:43:35 UTC numAttempts=0 : approval requested]
2021-10-26 18:43:35.990 UTC INFO - [admin1] Plan 9 [SYS$Create system table SYS$StreamResponse] approved
2021-10-26 18:43:35.991 UTC INFO - [admin1] PlanStateChange [id=9 name=SYS$Create system table SYS$StreamResponse state=RUNNING at 2021-10-26 18:43:35 UTC numAttempts=1 : Plan is starting]
2021-10-26 18:43:35.991 UTC INFO - [admin1] Plan 9 [SYS$Create system table SYS$StreamResponse] started, 1 tasks
2021-10-26 18:43:35.992 UTC INFO - [admin1] PlanProgress [id=8 name=SYS$Create system table SYS$SGAttributesTable state=RUNNING reportTime=2021-10-26 18:43:35 UTC numAttempts=1 generalTask_Total=1 generalTask_Successful=1]
2021-10-26 18:43:35.994 UTC INFO - [admin1] Plan 9 [SYS$Create system table SYS$StreamResponse] task [AddTable SYS$StreamResponse] [1] started
2021-10-26 18:43:35.995 UTC INFO - [admin1] Plan 8 [SYS$Create system table SYS$SGAttributesTable] task [AddTable SYS$SGAttributesTable] [1] ended, state=SUCCEEDED
2021-10-26 18:43:35.996 UTC INFO - [admin1] PlanStateChange [id=8 name=SYS$Create system table SYS$SGAttributesTable state=SUCCEEDED at 2021-10-26 18:43:35 UTC numAttempts=1 : Plan finished.]
2021-10-26 18:43:35.999 UTC INFO - [admin1] Plan 8 [SYS$Create system table SYS$SGAttributesTable] ended, state=SUCCEEDED
2021-10-26 18:43:36.004 UTC INFO - [admin1] PlanProgress [id=9 name=SYS$Create system table SYS$StreamResponse state=RUNNING reportTime=2021-10-26 18:43:36 UTC numAttempts=1 generalTask_Total=1 generalTask_Successful=1]
2021-10-26 18:43:36.006 UTC INFO - [admin1] Plan 9 [SYS$Create system table SYS$StreamResponse] task [AddTable SYS$StreamResponse] [1] ended, state=SUCCEEDED
2021-10-26 18:43:36.007 UTC INFO - [admin1] PlanStateChange [id=9 name=SYS$Create system table SYS$StreamResponse state=SUCCEEDED at 2021-10-26 18:43:36 UTC numAttempts=1 : Plan finished.]
2021-10-26 18:43:36.009 UTC INFO - [admin1] Plan 9 [SYS$Create system table SYS$StreamResponse] ended, state=SUCCEEDED
2021-10-26 18:43:36.236 UTC INFO - [admin1] Monitor collector: adding sn1 to monitoring
2021-10-26 18:43:36.239 UTC INFO - [admin1] PlanProgress [id=4 name=Deploy Storage Node state=RUNNING reportTime=2021-10-26 18:43:36 UTC numAttempts=1 generalTask_Total=1 generalTask_Successful=1]
2021-10-26 18:43:36.187 UTC INFO - [sn1] Starting StorageNodeAgent for kvstore
2021-10-26 18:43:36.209 UTC INFO - [sn1] Create collector service and register parameter listeners successfully.
2021-10-26 18:43:36.214 UTC INFO - [sn1] Started MasterRebalanceThread
2021-10-26 18:43:36.220 UTC INFO - [sn1] Starting MonitorAgent.  Server socket factory:<ClearServerSocketFactory backlog=1024 portRange=0,0 acceptMaxActiveConns=0 useAsync> Client socket factory:<ClientSocketFactory name=kvstore|sn|monitor id=141054849 connectMs=10000 readMs=5000 localAddr=none>
2021-10-26 18:43:36.225 UTC INFO - [sn1] kvstore:sn1:MONITOR service port: 60617
2021-10-26 18:43:36.227 UTC INFO - [sn1] Successfully created secure proxy for the storage node agent
2021-10-26 18:43:36.231 UTC INFO - [sn1] kvstore:sn1:MAIN service port: 60617
2021-10-26 18:43:36.231 UTC INFO - [sn1] Rebound to registry port 5000 using name sn1 with SSF:<ClearServerSocketFactory backlog=1024 portRange=0,0 acceptMaxActiveConns=0 useAsync>
2021-10-26 18:43:36.231 UTC INFO - [sn1] Service status changed from STARTING to RUNNING
2021-10-26 18:43:36.242 UTC INFO - [admin1] Plan 4 [Deploy Storage Node] task [DeploySN sn1(DESKTOP-RMNFMID:5000)] [1] ended, state=SUCCEEDED
2021-10-26 18:43:36.242 UTC INFO - [admin1] PlanStateChange [id=4 name=Deploy Storage Node state=SUCCEEDED at 2021-10-26 18:43:36 UTC numAttempts=1 : Plan finished.]
2021-10-26 18:43:36.243 UTC INFO - [admin1] [sn1] Service status: RUNNING 2021-10-26 18:43:36 UTC
2021-10-26 18:43:36.231 UTC INFO - [sn1] Started StorageNodeAgent for kvstore
2021-10-26 18:43:36.247 UTC INFO - [admin1] Plan 4 [Deploy Storage Node] ended, state=SUCCEEDED
2021-10-26 18:43:36.271 UTC INFO - [admin1] PlanStateChange [id=10 name=Deploy Admin Service state=APPROVED at 2021-10-26 18:43:36 UTC numAttempts=0 : approval requested]
2021-10-26 18:43:36.273 UTC INFO - [admin1] Plan 10 [Deploy Admin Service] approved
2021-10-26 18:43:36.274 UTC INFO - [admin1] PlanStateChange [id=10 name=Deploy Admin Service state=RUNNING at 2021-10-26 18:43:36 UTC numAttempts=1 : Plan is starting]
2021-10-26 18:43:36.274 UTC INFO - [admin1] Plan 10 [Deploy Admin Service] started, 2 tasks
2021-10-26 18:43:36.281 UTC INFO - [admin1] Plan 10 [Deploy Admin Service] task [DeployAdmin admin1 on sn1] [1] started
2021-10-26 18:43:36.508 UTC INFO - [admin1] newParameters called for Monitor
2021-10-26 18:43:36.512 UTC INFO - [admin1] PlanProgress [id=10 name=Deploy Admin Service state=RUNNING reportTime=2021-10-26 18:43:36 UTC numAttempts=1 generalTask_Total=2 generalTask_Successful=1 generalTask_NotStarted=1]
2021-10-26 18:43:36.514 UTC INFO - [admin1] Plan 10 [Deploy Admin Service] task [DeployAdmin admin1 on sn1] [1] ended, state=SUCCEEDED
2021-10-26 18:43:36.514 UTC INFO - [admin1] Plan 10 [Deploy Admin Service] task [WaitForAdminState admin1 to reach RUNNING] [2] started
2021-10-26 18:43:36.519 UTC INFO - [admin1] PlanProgress [id=10 name=Deploy Admin Service state=RUNNING reportTime=2021-10-26 18:43:36 UTC numAttempts=1 generalTask_Total=2 generalTask_Successful=2]
2021-10-26 18:43:36.522 UTC INFO - [admin1] Plan 10 [Deploy Admin Service] task [WaitForAdminState admin1 to reach RUNNING] [2] ended, state=SUCCEEDED
2021-10-26 18:43:36.522 UTC INFO - [admin1] PlanStateChange [id=10 name=Deploy Admin Service state=SUCCEEDED at 2021-10-26 18:43:36 UTC numAttempts=1 : Plan finished.]
2021-10-26 18:43:36.524 UTC INFO - [admin1] Plan 10 [Deploy Admin Service] ended, state=SUCCEEDED
2021-10-26 18:43:36.529 UTC INFO - [admin1] Created Storage Node Pool: KVLitePool
2021-10-26 18:43:36.537 UTC INFO - [admin1] Added Storage Node sn1 to pool: KVLitePool
2021-10-26 18:43:36.561 UTC INFO - [admin1] KVLite has nothing to rebalance
2021-10-26 18:43:36.600 UTC INFO - [admin1] PlanStateChange [id=11 name=Deploy KVStore state=APPROVED at 2021-10-26 18:43:36 UTC numAttempts=0 : approval requested]
2021-10-26 18:43:36.602 UTC INFO - [admin1] Plan 11 [Deploy KVStore] approved
2021-10-26 18:43:36.605 UTC INFO - [admin1] Plan 11 [Deploy KVStore] deploying topology candidate KVLite.
2021-10-26 18:43:36.608 UTC INFO - [admin1] Current topology: store=kvstore  numPartitions=0 sequence=2
  zn: id=zn1 name=KVLite repFactor=1 type=PRIMARY allowArbiters=false masterAffinity=false

  sn=[sn1] zn:[id=zn1 name=KVLite] DESKTOP-RMNFMID:5000

  numShards=0

2021-10-26 18:43:36.608 UTC INFO - [admin1] Preview of changes to be executed by Plan 11 [Deploy KVStore]:
Topology transformation from current deployed topology to KVLite:
Create 1 shard 
Create 1 RN 
Create 10 partitions 

shard rg1
  1 new RN : rg1-rn1 
  10 new partitions 

2021-10-26 18:43:36.609 UTC INFO - [admin1] Target topology candidate: KVLite
store=kvstore  numPartitions=10 sequence=14
  zn: id=zn1 name=KVLite repFactor=1 type=PRIMARY allowArbiters=false masterAffinity=false

  sn=[sn1] zn:[id=zn1 name=KVLite] DESKTOP-RMNFMID:5000
    [rg1-rn1]

  numShards=1
  shard=[rg1] num partitions=10
    [rg1-rn1] sn=sn1

2021-10-26 18:43:36.609 UTC INFO - [admin1] PlanStateChange [id=11 name=Deploy KVStore state=RUNNING at 2021-10-26 18:43:36 UTC numAttempts=1 : Plan is starting]
2021-10-26 18:43:36.609 UTC INFO - [admin1] Plan 11 [Deploy KVStore] started, 9 tasks
2021-10-26 18:43:36.612 UTC INFO - [admin1] Plan 11 [Deploy KVStore] task [UpdateDatacenterV2 zone=zn1] [1] started
2021-10-26 18:43:36.617 UTC INFO - [admin1] PlanProgress [id=11 name=Deploy KVStore state=RUNNING reportTime=2021-10-26 18:43:36 UTC numAttempts=1 generalTask_Total=9 generalTask_Successful=1 generalTask_NotStarted=8]
2021-10-26 18:43:36.620 UTC INFO - [admin1] Plan 11 [Deploy KVStore] task [UpdateDatacenterV2 zone=zn1] [1] ended, state=SUCCEEDED
2021-10-26 18:43:36.620 UTC INFO - [admin1] Plan 11 [Deploy KVStore] task [DeployShard on [sn1] zn:[id=zn1 name=KVLite] DESKTOP-RMNFMID:5000 ] [2] started
2021-10-26 18:43:36.628 UTC INFO - [admin1] PlanProgress [id=11 name=Deploy KVStore state=RUNNING reportTime=2021-10-26 18:43:36 UTC numAttempts=1 generalTask_Total=9 generalTask_Successful=2 generalTask_NotStarted=7]
2021-10-26 18:43:36.630 UTC INFO - [admin1] Plan 11 [Deploy KVStore] task [DeployShard rg1 on [sn1] zn:[id=zn1 name=KVLite] DESKTOP-RMNFMID:5000 ] [2] ended, state=SUCCEEDED
2021-10-26 18:43:36.631 UTC INFO - [admin1] Plan 11 [Deploy KVStore] task [DeployNewRN on sn1(DESKTOP-RMNFMID:5000)] [3] started
2021-10-26 18:43:36.635 UTC INFO - [admin1] Plan 11 [Deploy KVStore] task [DeployNewRN rg1-rn1 on sn1(DESKTOP-RMNFMID:5000)] creating rg1-rn1 on sn1 haPort=DESKTOP-RMNFMID:5 003 helpers=DESKTOP-RMNFMID:5003 storage directory path=C:\Users\Peti\Documents\kv-19.5.25\.\kvroot\kvstore\sn1 directory size=1 073 741 824 log directory path =null log directory size = 0 heapMB=unspecified cachePercent=70 cacheSize=unspecified -XX:ParallelGCThreads=70
2021-10-26 18:43:37.909 UTC INFO - [admin1] Monitor collector: adding rg1-rn1 to monitoring
2021-10-26 18:43:37.916 UTC INFO - [admin1] PlanProgress [id=11 name=Deploy KVStore state=RUNNING reportTime=2021-10-26 18:43:37 UTC numAttempts=1 generalTask_Total=9 generalTask_Successful=3 generalTask_NotStarted=6]
2021-10-26 18:43:36.906 UTC INFO - [rg1-rn1] Thread[ rg1-rn1 RepNodeStateUpdateThread,5,RMI Runtime] started
2021-10-26 18:43:36.920 UTC INFO - [rg1-rn1] NoSQL version:19.5.25 2021-09-15 02:38:56 UTC  Build id: 7d999093884a Edition: Enterprise JE version:19.5.17 Java version:1.8.0_202
2021-10-26 18:43:36.923 UTC INFO - [rg1-rn1] Created new environment dir: C:\Users\Peti\Documents\kv-19.5.25\.\kvroot\kvstore\sn1\rg1-rn1\env
2021-10-26 18:43:36.925 UTC INFO - [rg1-rn1] Storage type of: C:\Users\Peti\Documents\kv-19.5.25\.\kvroot\kvstore\sn1\rg1-rn1\env is UNKNOWN
2021-10-26 18:43:36.926 UTC INFO - [rg1-rn1] Can't get SN memory size. No memory allocation log.
2021-10-26 18:43:36.926 UTC INFO - [rg1-rn1] JVM Runtime maxMemory:3 677 696 kB JE cache size:0 kB Max Offheap cache size:0 kB
2021-10-26 18:43:36.928 UTC INFO - [rg1-rn1] Non-default JE properties for environment: {je.rep.vlsn.logCacheSize=128, je.rep.envUnknownStateTimeout=10 s, je.env.runVerifier=false, je.log.faultReadSize=4096, je.rep.vlsn.distance=1000000, je.rep.replicaTimeout=10 s, je.env.runEvictor=true, je.cleaner.minUtilization=40, je.rep.replicaAckTimeout=5 s, je.lock.nLockTables=97, je.cleaner.threads=2, je.rep.replayMaxOpenDbHandles=100, je.log.writeQueueSize=2097152, je.evictor.criticalPercentage=20, je.log.iteratorReadSize=1048576, je.log.numBuffers=16, je.rep.feederTimeout=10 s, je.nodeMaxEntries=128, je.lock.timeout=10 s, je.rep.preHeartbeatTimeoutMs=5000000000, je.rep.consistencyPolicy=NoConsistencyRequiredPolicy, je.cleaner.minFileUtilization=5, je.txn.durability=write_no_sync,write_no_sync,simple_majority, je.cleaner.readSize=1048576, je.rep.ignoreSecondaryNodeId=true, je.rep.txnRollbackLimit=10, je.log.fileCacheSize=2000, je.log.fileMax=1073741824}
2021-10-26 18:43:36.928 UTC INFO - [rg1-rn1] DataChannelFactory: basic
2021-10-26 18:43:36.932 UTC INFO - [rg1-rn1] Table manager created (max change history=1000)
2021-10-26 18:43:36.939 UTC INFO - [rg1-rn1] Partition database cache mode: EVICT_LN
2021-10-26 18:43:36.941 UTC INFO - [rg1-rn1] Starting task: interval is 20 SECONDS, delay is 3059(ms)
2021-10-26 18:43:36.958 UTC INFO - [rg1-rn1] Request type ALL is enabled
2021-10-26 18:43:36.963 UTC INFO - [rg1-rn1] Thread[ rg1-rn1 MetadataUpdateThread,5,RMI Runtime] started
2021-10-26 18:43:36.963 UTC INFO - [rg1-rn1] Registering GC listener with PS Scavenge
2021-10-26 18:43:36.963 UTC INFO - [rg1-rn1] Registering GC listener with PS MarkSweep
2021-10-26 18:43:36.980 UTC INFO - [rg1-rn1] Coordinating tasks:KVStorageStats, JEBackupManagerCopyLogFile, KVIndexCreationMax real permits:3
2021-10-26 18:43:36.981 UTC INFO - [rg1-rn1] Starting RepNodeService
2021-10-26 18:43:36.981 UTC INFO - [rg1-rn1] Starting RN MonitorAgent.  Server socket factory:<ClearServerSocketFactory backlog=1024 portRange=0,0 acceptMaxActiveConns=8192 useAsync> Client socket connect factory: <ClientSocketFactory name=kvstore|rn|monitor id=-1217541898 connectMs=10000 readMs=10000 localAddr=none>
2021-10-26 18:43:36.992 UTC INFO - [rg1-rn1] kvstore:rg1-rn1:MONITOR service port: 60622
2021-10-26 18:43:36.992 UTC INFO - [rg1-rn1] Starting MonitorAgent
2021-10-26 18:43:37.002 UTC INFO - [rg1-rn1] Successfully created secure proxy for the repnode admin
2021-10-26 18:43:37.017 UTC INFO - [rg1-rn1] kvstore:rg1-rn1:ADMIN service port: 60622
2021-10-26 18:43:37.018 UTC INFO - [rg1-rn1] RepNodeAdmin registered
2021-10-26 18:43:37.025 UTC INFO - [rg1-rn1] JE: Coordinating tasks:JEBackupManagerCopyLogFileMax real permits:1
2021-10-26 18:43:37.051 UTC INFO - [rg1-rn1] JE recovery: POPULATE_UTILIZATION_PROFILE
2021-10-26 18:43:37.052 UTC INFO - [rg1-rn1] JE recovery: POPULATE_EXPIRATION_PROFILE
2021-10-26 18:43:37.054 UTC INFO - [rg1-rn1] JE recovery: REMOVE_TEMP_DBS
2021-10-26 18:43:37.919 UTC INFO - [admin1] Plan 11 [Deploy KVStore] task [DeployNewRN rg1-rn1 on sn1(DESKTOP-RMNFMID:5000)] [3] ended, state=SUCCEEDED
2021-10-26 18:43:37.054 UTC INFO - [rg1-rn1] JE recovery: CKPT
2021-10-26 18:43:37.063 UTC INFO - [rg1-rn1] JE recovery: RECOVERY_FINISHED
2021-10-26 18:43:37.068 UTC INFO - [rg1-rn1] JE: No server auth method
2021-10-26 18:43:37.920 UTC INFO - [admin1] Plan 11 [Deploy KVStore] task [UpdateNthRNHelperHost] [4] started
2021-10-26 18:43:37.070 UTC INFO - [rg1-rn1] JE: Started ServiceDispatcher. HostPort=DESKTOP-RMNFMID:5003
2021-10-26 18:43:37.070 UTC INFO - [rg1-rn1] JE: DataChannel factory: com.sleepycat.je.rep.utilint.net.SimpleChannelFactory
2021-10-26 18:43:37.070 UTC INFO - [rg1-rn1] JE: DTVLSN at start:0
2021-10-26 18:43:37.070 UTC INFO - [rg1-rn1] JE: node:NullNode(-1) state change from DETACHED to UNKNOWN
2021-10-26 18:43:37.071 UTC INFO - [rg1-rn1] JE: Acceptor started
2021-10-26 18:43:37.072 UTC INFO - [rg1-rn1] JE: Current group size: 0
2021-10-26 18:43:37.072 UTC INFO - [rg1-rn1] JE: New node rg1-rn1(-1) unknown to rep group
2021-10-26 18:43:37.072 UTC INFO - [rg1-rn1] JE: Learner started
2021-10-26 18:43:37.072 UTC INFO - [rg1-rn1] JE: Learner notified. Proposal:Proposal(0000017cbdea3bf0:d144bf6dacb4b26123389358a86984fd:00000002) Value: Value:DESKTOP-RMNFMID$$$5003$$$rg1-rn1$$$1
2021-10-26 18:43:37.072 UTC INFO - [rg1-rn1] JE: Master changed to rg1-rn1
2021-10-26 18:43:37.072 UTC INFO - [rg1-rn1] JE: Nascent group. rg1-rn1 is master by virtue of being the first node.
2021-10-26 18:43:37.072 UTC INFO - [rg1-rn1] JE: node:rg1-rn1(1) state change from UNKNOWN to MASTER
2021-10-26 18:43:37.081 UTC INFO - [rg1-rn1] JE: Successfully added node:rg1-rn1(1) HostPort = DESKTOP-RMNFMID: 5003 [ELECTABLE]
2021-10-26 18:43:37.082 UTC INFO - [rg1-rn1] JE: Updated minimum JE group version to 7.5.0
2021-10-26 18:43:37.083 UTC INFO - [rg1-rn1] JE recovery: BECOME_CONSISTENT
2021-10-26 18:43:37.083 UTC INFO - [rg1-rn1] JE: Node rg1-rn1 started
2021-10-26 18:43:37.083 UTC INFO - [rg1-rn1] JE: node:NullNode(-1) state change from MASTER to UNKNOWN
2021-10-26 18:43:37.083 UTC INFO - [rg1-rn1] JE: node:rg1-rn1(1) state change from UNKNOWN to MASTER
2021-10-26 18:43:37.083 UTC INFO - [rg1-rn1] JE: Feeder manager accepting requests.
2021-10-26 18:43:37.083 UTC INFO - [rg1-rn1] JE: Joining group as master
2021-10-26 18:43:37.084 UTC INFO - [rg1-rn1] Opened JE environment: 19.5.17 JVM max heap: 3 765 960 704 JE properties:  nodeName=null allowCreate=true recoveryProgressListener=true classLoader=false customStats=false cacheSize=2636172492 offHeapCacheSize=0 cacheMode=EVICT_LN txnNoSync=false txnWriteNoSync=false exceptionListener=false map={je.lock.timeout=10 s, je.cleaner.minFileUtilization=5, je.cleaner.readSize=1048576, je.log.faultReadSize=4096, je.rep.consistencyPolicy=NoConsistencyRequiredPolicy, je.log.fileMax=1073741824, je.rep.feederTimeout=10 s, je.rep.node.priority=1, je.file.logging.prefix=rg1-rn1, je.rep.nodeName=rg1-rn1, je.nodeMaxEntries=128, je.log.writeQueueSize=2097152, je.evictor.criticalPercentage=20, je.maxDisk=1073741824, je.maxMemoryPercent=70, je.env.runVerifier=false, je.rep.electableGroupSizeOverride=0, je.env.runEvictor=true, je.log.iteratorReadSize=1048576, je.txn.durability=WRITE_NO_SYNC,WRITE_NO_SYNC,SIMPLE_MAJORITY, je.maxOffHeapMemory=0, je.checkpointer.bytesInterval=500000000, je.log.numBuffers=16, je.rep.nodeHostPort=DESKTOP-RMNFMID:5003, je.rep.vlsn.distance=1000000, je.rep.txnRollbackLimit=10, je.rep.replayMaxOpenDbHandles=100, je.rep.ignoreSecondaryNodeId=true, je.maxMemory=0, je.file.logging.directory=./kvroot/kvstore/log, je.cleaner.minUtilization=40, je.env.isTransactional=true, je.log.fileCacheSize=2000, je.rep.helperHosts=DESKTOP-RMNFMID:5003, je.rep.preHeartbeatTimeoutMs=5000000000, je.rep.vlsn.logCacheSize=128, je.rep.replicaTimeout=10 s, je.lock.nLockTables=97, je.rep.disableAuthoritativeMaster=false, je.rep.nodeType=ELECTABLE, je.rep.envUnknownStateTimeout=10 s, je.rep.preserveRecordVersion=true, je.rep.groupName=rg1, je.rep.replicaAckTimeout=5 s, je.cleaner.threads=2}
2021-10-26 18:43:37.088 UTC INFO - [rg1-rn1] Local Environment version updated to: 19.5.25 2021-09-15 02:38:56 UTC  Build id: 7d999093884a Edition: Enterprise Previous version:  none
2021-10-26 18:43:37.089 UTC INFO - [rg1-rn1] State change event: Tue Oct 26 20:43:37 CEST 2021, State: MASTER, Type: ELECTABLE, Master: rg1-rn1
2021-10-26 18:43:37.089 UTC INFO - [rg1-rn1] MigrationStateTracker queue added:MASTER
2021-10-26 18:43:37.089 UTC INFO - [rg1-rn1] TableManagerStateTracker queue added:MASTER
2021-10-26 18:43:37.089 UTC INFO - [rg1-rn1] MasterBalanceStateTracker queue added:MASTER
2021-10-26 18:43:37.089 UTC INFO - [rg1-rn1] TextIndexFeederStateTracker queue added:MASTER
2021-10-26 18:43:37.089 UTC INFO - [rg1-rn1] Replicated environment handle established. Cache size: 2636172492, State: MASTER
2021-10-26 18:43:37.090 UTC INFO - [rg1-rn1] Store did not contain a topology
2021-10-26 18:43:37.090 UTC INFO - [rg1-rn1] Topology needs to be pushed to this node.
2021-10-26 18:43:37.090 UTC INFO - [rg1-rn1] MasterBalanceStateTracker thread start: rg1-rn1
2021-10-26 18:43:37.090 UTC INFO - [rg1-rn1] MigrationStateTracker thread start: null
2021-10-26 18:43:37.090 UTC INFO - [rg1-rn1] TableManagerStateTracker thread start: rg1-rn1
2021-10-26 18:43:37.090 UTC INFO - [rg1-rn1] Migration manager change state to MASTER.
2021-10-26 18:43:37.090 UTC INFO - [rg1-rn1] TextIndexFeederStateTracker thread start: rg1-rn1
2021-10-26 18:43:37.090 UTC INFO - [rg1-rn1] Table manager change state to MASTER
2021-10-26 18:43:37.091 UTC INFO - [rg1-rn1] TIF received state change MASTER
2021-10-26 18:43:37.091 UTC INFO - [rg1-rn1] no text index found, skip starting TIF.
2021-10-26 18:43:37.092 UTC INFO - [rg1-rn1] Migration db opened: MigrationDB, generation db opened: PartitionGenMD
2021-10-26 18:43:37.095 UTC INFO - [rg1-rn1] Migration service accepting requests.
2021-10-26 18:43:37.098 UTC INFO - [rg1-rn1] Starting Thread[KV table maintenance,5,]
2021-10-26 18:43:37.100 UTC INFO - [rg1-rn1] kvstore:rg1-rn1:MAIN service port: 60622
2021-10-26 18:43:37.124 UTC INFO - [rg1-rn1] No RN Login configured. 
2021-10-26 18:43:37.124 UTC INFO - [rg1-rn1] Service status changed from STARTING to RUNNING
2021-10-26 18:43:37.922 UTC INFO - [admin1] [rg1-rn1] Service status: RUNNING 2021-10-26 18:43:37 UTC
2021-10-26 18:43:37.124 UTC INFO - [rg1-rn1] Started RepNodeService
2021-10-26 18:43:37.892 UTC INFO - [rg1-rn1] Topology updated from seq#: 0 to 4
2021-10-26 18:43:37.899 UTC INFO - [rg1-rn1] Open SecurityMetadata DB
2021-10-26 18:43:37.900 UTC INFO - [rg1-rn1] Established 0 partition database handles, topology seq#: 4
2021-10-26 18:43:37.901 UTC INFO - [rg1-rn1] Open TableMetadata DB
2021-10-26 18:43:37.901 UTC INFO - [rg1-rn1] Establishing secondary database handles, table seq#: 0
2021-10-26 18:43:37.903 UTC INFO - [rg1-rn1] Established 0 secondary database handles
2021-10-26 18:43:37.903 UTC INFO - [rg1-rn1] Establishing secondary database handles, table seq#: 0
2021-10-26 18:43:37.903 UTC INFO - [rg1-rn1] Topology stored seq#: 4
2021-10-26 18:43:37.904 UTC INFO - [rg1-rn1] Updating table metadata with TableMetadata[7, n:-, t:7, 7]
2021-10-26 18:43:37.906 UTC INFO - [rg1-rn1] Metadata stored type: TABLE, seq#: 7
2021-10-26 18:43:37.908 UTC INFO - [rg1-rn1] Starting Thread[KV table maintenance,5,]
2021-10-26 18:43:37.908 UTC INFO - [rg1-rn1] Establishing secondary database handles, table seq#: 7
2021-10-26 18:43:37.909 UTC INFO - [rg1-rn1] Established 0 secondary database handles
2021-10-26 18:43:37.927 UTC INFO - [admin1] PlanProgress [id=11 name=Deploy KVStore state=RUNNING reportTime=2021-10-26 18:43:37 UTC numAttempts=1 generalTask_Total=9 generalTask_Successful=4 generalTask_NotStarted=5]
2021-10-26 18:43:37.930 UTC INFO - [admin1] Plan 11 [Deploy KVStore] task [UpdateNthRNHelperHost] [4] ended, state=SUCCEEDED
2021-10-26 18:43:37.931 UTC INFO - [admin1] Plan 11 [Deploy KVStore] task [NewNthRNParameters] [5] started
2021-10-26 18:43:37.949 UTC INFO - [admin1] PlanProgress [id=11 name=Deploy KVStore state=RUNNING reportTime=2021-10-26 18:43:37 UTC numAttempts=1 generalTask_Total=9 generalTask_Successful=5 generalTask_NotStarted=4]
2021-10-26 18:43:37.951 UTC INFO - [admin1] Plan 11 [Deploy KVStore] task [NewNthRNParameters] [5] ended, state=SUCCEEDED
2021-10-26 18:43:37.951 UTC INFO - [admin1] Plan 11 [Deploy KVStore] task [BroadcastTopo] [6] started
2021-10-26 18:43:37.952 UTC INFO - [admin1] Broadcasting topology seq# 4, changes for plan 11
2021-10-26 18:43:37.959 UTC INFO - [admin1] PlanProgress [id=11 name=Deploy KVStore state=RUNNING reportTime=2021-10-26 18:43:37 UTC numAttempts=1 generalTask_Total=9 generalTask_Successful=6 generalTask_NotStarted=3]
2021-10-26 18:43:37.961 UTC INFO - [admin1] Plan 11 [Deploy KVStore] task [BroadcastTopo] [6] ended, state=SUCCEEDED
2021-10-26 18:43:37.962 UTC INFO - [admin1] Plan 11 [Deploy KVStore] task [BroadcastMetadata] [7] started
2021-10-26 18:43:37.966 UTC INFO - [admin1] PlanProgress [id=11 name=Deploy KVStore state=RUNNING reportTime=2021-10-26 18:43:37 UTC numAttempts=1 generalTask_Total=9 generalTask_Successful=7 generalTask_NotStarted=2]
2021-10-26 18:43:37.968 UTC INFO - [admin1] Plan 11 [Deploy KVStore] task [BroadcastMetadata] [7] ended, state=SUCCEEDED
2021-10-26 18:43:37.969 UTC INFO - [admin1] Plan 11 [Deploy KVStore] task [AddPartitions totalPartitions=10] [8] started
2021-10-26 18:43:37.975 UTC INFO - [admin1] Broadcasting topology seq# 14, changes for Initializing new partitions
2021-10-26 18:43:37.991 UTC INFO - [admin1] PlanProgress [id=11 name=Deploy KVStore state=RUNNING reportTime=2021-10-26 18:43:37 UTC numAttempts=1 generalTask_Total=9 generalTask_Successful=8 generalTask_NotStarted=1]
2021-10-26 18:43:37.993 UTC INFO - [admin1] Plan 11 [Deploy KVStore] task [AddPartitions totalPartitions=10] [8] ended, state=SUCCEEDED
2021-10-26 18:43:37.994 UTC INFO - [admin1] Plan 11 [Deploy KVStore] task [BroadcastTopo] [9] started
2021-10-26 18:43:37.994 UTC INFO - [admin1] Broadcasting topology seq# 14, changes for plan 11
2021-10-26 18:43:38.000 UTC INFO - [admin1] PlanProgress [id=11 name=Deploy KVStore state=RUNNING reportTime=2021-10-26 18:43:38 UTC numAttempts=1 generalTask_Total=9 generalTask_Successful=9]
2021-10-26 18:43:38.002 UTC INFO - [admin1] Plan 11 [Deploy KVStore] task [BroadcastTopo] [9] ended, state=SUCCEEDED
2021-10-26 18:43:38.003 UTC INFO - [admin1] PlanStateChange [id=11 name=Deploy KVStore state=SUCCEEDED at 2021-10-26 18:43:38 UTC numAttempts=1 : Plan finished.]
2021-10-26 18:43:38.005 UTC INFO - [admin1] Plan 11 [Deploy KVStore] ended, state=SUCCEEDED
2021-10-26 18:43:45.991 UTC INFO - [admin1] Checking status of system tables
2021-10-26 18:43:45.998 UTC INFO - [admin1] Exit Thread[System table monitor,5,RMI Runtime]
2021-10-26 18:43:36.290 UTC INFO - [sn1] admin1: Creating AdminService
2021-10-26 18:43:36.509 UTC INFO - [sn1] admin1: Created AdminService
2021-10-26 18:43:36.649 UTC INFO - [sn1] rg1-rn1: Creating RepNode
2021-10-26 18:43:36.865 UTC INFO - [sn1] rg1-rn1: Starting RepNode
2021-10-26 18:43:36.868 UTC INFO - [sn1] rg1-rn1: Started RepNode
2021-10-26 18:43:36.868 UTC INFO - [sn1] rg1-rn1: Configuring RepNode
2021-10-26 18:43:37.124 UTC INFO - [sn1] Thread returning for service rg1-rn1
2021-10-26 18:43:37.908 UTC INFO - [sn1] rg1-rn1: Created RepNode
2021-10-26 18:43:38.101 UTC INFO - [sn1] noteState called
2021-10-26 18:43:38.101 UTC INFO - [sn1] added:State RN:rg1-rn1 state: MASTER top seq num: 14
2021-10-26 18:43:38.101 UTC INFO - [sn1] sn: sn1 state transition: State RN:rg1-rn1 state: MASTER top seq num: 14 active masters:[rg1-rn1] active replicas:0 replica leases:0
2021-10-26 18:43:38.101 UTC INFO - [sn1] Acquiring initial topology from RNs
2021-10-26 18:43:38.103 UTC INFO - [sn1] Topology acquired from RN: rg1-rn1 Topo seq#: 14
2021-10-26 18:43:37.944 UTC INFO - [rg1-rn1] newParameters are identical to old parameters
2021-10-26 18:43:37.981 UTC INFO - [rg1-rn1] Topology incrementally updated from seq#: 4 to 14
2021-10-26 18:43:37.983 UTC INFO - [rg1-rn1] Starting Thread[KV table maintenance,5,]
2021-10-26 18:43:37.983 UTC INFO - [rg1-rn1] Establishing secondary database handles, table seq#: 7
2021-10-26 18:43:37.984 UTC INFO - [rg1-rn1] Established 0 secondary database handles
2021-10-26 18:43:37.987 UTC INFO - [rg1-rn1] Topology stored seq#: 14
2021-10-26 18:43:37.993 UTC INFO - [rg1-rn1] Established 10 partition database handles, topology seq#: 14
2021-10-26 18:44:03.457 UTC INFO - [admin1] PlanStateChange [id=12 name=CreateTable users_graphVT_ state=APPROVED at 2021-10-26 18:44:03 UTC numAttempts=0 : approval requested]
2021-10-26 18:44:03.459 UTC INFO - [admin1] Plan 12 [CreateTable users_graphVT_] approved
2021-10-26 18:44:03.459 UTC INFO - [admin1] PlanStateChange [id=12 name=CreateTable users_graphVT_ state=RUNNING at 2021-10-26 18:44:03 UTC numAttempts=1 : Plan is starting]
2021-10-26 18:44:03.459 UTC INFO - [admin1] Plan 12 [CreateTable users_graphVT_] started, 1 tasks
2021-10-26 18:44:03.461 UTC INFO - [admin1] Plan 12 [CreateTable users_graphVT_] task [AddTable users_graphVT_] [1] started
2021-10-26 18:44:03.469 UTC INFO - [admin1] Plan 12 [CreateTable users_graphVT_] broadcasting TableMetadata[8, n:-, t:8, 8] for AddTable users_graphVT_
2021-10-26 18:44:03.484 UTC INFO - [admin1] Plan 12 [CreateTable users_graphVT_] successful broadcast to all groups of TABLE metadata seq# 8, for AddTable users_graphVT_, attempts=1
2021-10-26 18:44:03.487 UTC INFO - [admin1] PlanProgress [id=12 name=CreateTable users_graphVT_ state=RUNNING reportTime=2021-10-26 18:44:03 UTC numAttempts=1 generalTask_Total=1 generalTask_Successful=1]
2021-10-26 18:44:03.490 UTC INFO - [admin1] Plan 12 [CreateTable users_graphVT_] task [AddTable users_graphVT_] [1] ended, state=SUCCEEDED
2021-10-26 18:44:03.490 UTC INFO - [admin1] PlanStateChange [id=12 name=CreateTable users_graphVT_ state=SUCCEEDED at 2021-10-26 18:44:03 UTC numAttempts=1 : Plan finished.]
2021-10-26 18:44:03.492 UTC INFO - [admin1] Plan 12 [CreateTable users_graphVT_] ended, state=SUCCEEDED
2021-10-26 18:44:03.571 UTC INFO - [admin1] PlanStateChange [id=13 name=CreateIndex users_graphVT_:users_graphVT_KVS state=APPROVED at 2021-10-26 18:44:03 UTC numAttempts=0 : approval requested]
2021-10-26 18:44:03.573 UTC INFO - [admin1] Plan 13 [CreateIndex users_graphVT_:users_graphVT_KVS] approved
2021-10-26 18:44:03.573 UTC INFO - [admin1] PlanStateChange [id=13 name=CreateIndex users_graphVT_:users_graphVT_KVS state=RUNNING at 2021-10-26 18:44:03 UTC numAttempts=1 : Plan is starting]
2021-10-26 18:44:03.573 UTC INFO - [admin1] Plan 13 [CreateIndex users_graphVT_:users_graphVT_KVS] started, 3 tasks
2021-10-26 18:44:03.576 UTC INFO - [admin1] Plan 13 [CreateIndex users_graphVT_:users_graphVT_KVS] task [StartAddIndex users_graphVT_:users_graphVT_KVS] [1] started
2021-10-26 18:44:03.586 UTC INFO - [admin1] Plan 13 [CreateIndex users_graphVT_:users_graphVT_KVS] broadcasting TableMetadata[9, n:-, t:8, 9] for StartAddIndex users_graphVT_:users_graphVT_KVS
2021-10-26 18:44:03.595 UTC INFO - [admin1] Plan 13 [CreateIndex users_graphVT_:users_graphVT_KVS] successful broadcast to all groups of TABLE metadata seq# 9, for StartAddIndex users_graphVT_:users_graphVT_KVS, attempts=1
2021-10-26 18:44:03.598 UTC INFO - [admin1] PlanProgress [id=13 name=CreateIndex users_graphVT_:users_graphVT_KVS state=RUNNING reportTime=2021-10-26 18:44:03 UTC numAttempts=1 generalTask_Total=3 generalTask_Successful=1 generalTask_NotStarted=2]
2021-10-26 18:44:03.600 UTC INFO - [admin1] Plan 13 [CreateIndex users_graphVT_:users_graphVT_KVS] task [StartAddIndex users_graphVT_:users_graphVT_KVS] [1] ended, state=SUCCEEDED
2021-10-26 18:44:03.601 UTC INFO - [admin1] Plan 13 [CreateIndex users_graphVT_:users_graphVT_KVS] task [WaitForAddIndex users_graphVT_:users_graphVT_KVS on rg1] [2] started
2021-10-26 18:44:03.633 UTC INFO - [admin1] Plan 13 [CreateIndex users_graphVT_:users_graphVT_KVS] task [WaitForAddIndex users_graphVT_:users_graphVT_KVS on rg1] done=false
2021-10-26 18:44:04.146 UTC INFO - [admin1] Plan 13 [CreateIndex users_graphVT_:users_graphVT_KVS] task [WaitForAddIndex users_graphVT_:users_graphVT_KVS on rg1] done=true
2021-10-26 18:44:04.148 UTC INFO - [admin1] PlanProgress [id=13 name=CreateIndex users_graphVT_:users_graphVT_KVS state=RUNNING reportTime=2021-10-26 18:44:04 UTC numAttempts=1 generalTask_Total=3 generalTask_Successful=2 generalTask_NotStarted=1]
2021-10-26 18:44:04.150 UTC INFO - [admin1] Plan 13 [CreateIndex users_graphVT_:users_graphVT_KVS] task [WaitForAddIndex users_graphVT_:users_graphVT_KVS on rg1] [2] ended, state=SUCCEEDED
2021-10-26 18:44:04.150 UTC INFO - [admin1] Plan 13 [CreateIndex users_graphVT_:users_graphVT_KVS] task [CompleteAddIndex users_graphVT_:users_graphVT_KVS] [3] started
2021-10-26 18:44:04.156 UTC INFO - [admin1] Plan 13 [CreateIndex users_graphVT_:users_graphVT_KVS] broadcasting TableMetadata[10, n:-, t:8, 10] for CompleteAddIndex users_graphVT_:users_graphVT_KVS
2021-10-26 18:44:04.164 UTC INFO - [admin1] Plan 13 [CreateIndex users_graphVT_:users_graphVT_KVS] successful broadcast to all groups of TABLE metadata seq# 10, for CompleteAddIndex users_graphVT_:users_graphVT_KVS, attempts=1
2021-10-26 18:44:04.167 UTC INFO - [admin1] PlanProgress [id=13 name=CreateIndex users_graphVT_:users_graphVT_KVS state=RUNNING reportTime=2021-10-26 18:44:04 UTC numAttempts=1 generalTask_Total=3 generalTask_Successful=3]
2021-10-26 18:44:04.169 UTC INFO - [admin1] Plan 13 [CreateIndex users_graphVT_:users_graphVT_KVS] task [CompleteAddIndex users_graphVT_:users_graphVT_KVS] [3] ended, state=SUCCEEDED
2021-10-26 18:44:04.170 UTC INFO - [admin1] PlanStateChange [id=13 name=CreateIndex users_graphVT_:users_graphVT_KVS state=SUCCEEDED at 2021-10-26 18:44:04 UTC numAttempts=1 : Plan finished.]
2021-10-26 18:44:04.172 UTC INFO - [admin1] Plan 13 [CreateIndex users_graphVT_:users_graphVT_KVS] ended, state=SUCCEEDED
2021-10-26 18:44:05.594 UTC INFO - [admin1] PlanStateChange [id=14 name=CreateTable users_graphGE_ state=APPROVED at 2021-10-26 18:44:05 UTC numAttempts=0 : approval requested]
2021-10-26 18:44:05.596 UTC INFO - [admin1] Plan 14 [CreateTable users_graphGE_] approved
2021-10-26 18:44:05.597 UTC INFO - [admin1] PlanStateChange [id=14 name=CreateTable users_graphGE_ state=RUNNING at 2021-10-26 18:44:05 UTC numAttempts=1 : Plan is starting]
2021-10-26 18:44:05.597 UTC INFO - [admin1] Plan 14 [CreateTable users_graphGE_] started, 1 tasks
2021-10-26 18:44:05.599 UTC INFO - [admin1] Plan 14 [CreateTable users_graphGE_] task [AddTable users_graphGE_] [1] started
2021-10-26 18:44:05.604 UTC INFO - [admin1] Plan 14 [CreateTable users_graphGE_] broadcasting TableMetadata[11, n:-, t:9, 11] for AddTable users_graphGE_
2021-10-26 18:44:05.613 UTC INFO - [admin1] Plan 14 [CreateTable users_graphGE_] successful broadcast to all groups of TABLE metadata seq# 11, for AddTable users_graphGE_, attempts=1
2021-10-26 18:44:05.617 UTC INFO - [admin1] PlanProgress [id=14 name=CreateTable users_graphGE_ state=RUNNING reportTime=2021-10-26 18:44:05 UTC numAttempts=1 generalTask_Total=1 generalTask_Successful=1]
2021-10-26 18:44:05.619 UTC INFO - [admin1] Plan 14 [CreateTable users_graphGE_] task [AddTable users_graphGE_] [1] ended, state=SUCCEEDED
2021-10-26 18:44:05.619 UTC INFO - [admin1] PlanStateChange [id=14 name=CreateTable users_graphGE_ state=SUCCEEDED at 2021-10-26 18:44:05 UTC numAttempts=1 : Plan finished.]
2021-10-26 18:44:05.620 UTC INFO - [admin1] Plan 14 [CreateTable users_graphGE_] ended, state=SUCCEEDED
2021-10-26 18:44:07.618 UTC INFO - [admin1] PlanStateChange [id=15 name=CreateIndex users_graphGE_:users_graphGE_XSE state=APPROVED at 2021-10-26 18:44:07 UTC numAttempts=0 : approval requested]
2021-10-26 18:44:07.619 UTC INFO - [admin1] Plan 15 [CreateIndex users_graphGE_:users_graphGE_XSE] approved
2021-10-26 18:44:07.619 UTC INFO - [admin1] PlanStateChange [id=15 name=CreateIndex users_graphGE_:users_graphGE_XSE state=RUNNING at 2021-10-26 18:44:07 UTC numAttempts=1 : Plan is starting]
2021-10-26 18:44:07.619 UTC INFO - [admin1] Plan 15 [CreateIndex users_graphGE_:users_graphGE_XSE] started, 3 tasks
2021-10-26 18:44:07.621 UTC INFO - [admin1] Plan 15 [CreateIndex users_graphGE_:users_graphGE_XSE] task [StartAddIndex users_graphGE_:users_graphGE_XSE] [1] started
2021-10-26 18:44:07.625 UTC INFO - [admin1] Plan 15 [CreateIndex users_graphGE_:users_graphGE_XSE] broadcasting TableMetadata[12, n:-, t:9, 12] for StartAddIndex users_graphGE_:users_graphGE_XSE
2021-10-26 18:44:07.634 UTC INFO - [admin1] Plan 15 [CreateIndex users_graphGE_:users_graphGE_XSE] successful broadcast to all groups of TABLE metadata seq# 12, for StartAddIndex users_graphGE_:users_graphGE_XSE, attempts=1
2021-10-26 18:44:07.636 UTC INFO - [admin1] PlanProgress [id=15 name=CreateIndex users_graphGE_:users_graphGE_XSE state=RUNNING reportTime=2021-10-26 18:44:07 UTC numAttempts=1 generalTask_Total=3 generalTask_Successful=1 generalTask_NotStarted=2]
2021-10-26 18:44:07.637 UTC INFO - [admin1] Plan 15 [CreateIndex users_graphGE_:users_graphGE_XSE] task [StartAddIndex users_graphGE_:users_graphGE_XSE] [1] ended, state=SUCCEEDED
2021-10-26 18:44:07.637 UTC INFO - [admin1] Plan 15 [CreateIndex users_graphGE_:users_graphGE_XSE] task [WaitForAddIndex users_graphGE_:users_graphGE_XSE on rg1] [2] started
2021-10-26 18:44:07.648 UTC INFO - [admin1] Plan 15 [CreateIndex users_graphGE_:users_graphGE_XSE] task [WaitForAddIndex users_graphGE_:users_graphGE_XSE on rg1] done=false
2021-10-26 18:44:08.160 UTC INFO - [admin1] Plan 15 [CreateIndex users_graphGE_:users_graphGE_XSE] task [WaitForAddIndex users_graphGE_:users_graphGE_XSE on rg1] done=true
2021-10-26 18:44:08.162 UTC INFO - [admin1] PlanProgress [id=15 name=CreateIndex users_graphGE_:users_graphGE_XSE state=RUNNING reportTime=2021-10-26 18:44:08 UTC numAttempts=1 generalTask_Total=3 generalTask_Successful=2 generalTask_NotStarted=1]
2021-10-26 18:44:08.164 UTC INFO - [admin1] Plan 15 [CreateIndex users_graphGE_:users_graphGE_XSE] task [WaitForAddIndex users_graphGE_:users_graphGE_XSE on rg1] [2] ended, state=SUCCEEDED
2021-10-26 18:44:08.164 UTC INFO - [admin1] Plan 15 [CreateIndex users_graphGE_:users_graphGE_XSE] task [CompleteAddIndex users_graphGE_:users_graphGE_XSE] [3] started
2021-10-26 18:44:08.168 UTC INFO - [admin1] Plan 15 [CreateIndex users_graphGE_:users_graphGE_XSE] broadcasting TableMetadata[13, n:-, t:9, 13] for CompleteAddIndex users_graphGE_:users_graphGE_XSE
2021-10-26 18:44:08.175 UTC INFO - [admin1] Plan 15 [CreateIndex users_graphGE_:users_graphGE_XSE] successful broadcast to all groups of TABLE metadata seq# 13, for CompleteAddIndex users_graphGE_:users_graphGE_XSE, attempts=1
2021-10-26 18:44:08.178 UTC INFO - [admin1] PlanProgress [id=15 name=CreateIndex users_graphGE_:users_graphGE_XSE state=RUNNING reportTime=2021-10-26 18:44:08 UTC numAttempts=1 generalTask_Total=3 generalTask_Successful=3]
2021-10-26 18:44:08.179 UTC INFO - [admin1] Plan 15 [CreateIndex users_graphGE_:users_graphGE_XSE] task [CompleteAddIndex users_graphGE_:users_graphGE_XSE] [3] ended, state=SUCCEEDED
2021-10-26 18:44:08.179 UTC INFO - [admin1] PlanStateChange [id=15 name=CreateIndex users_graphGE_:users_graphGE_XSE state=SUCCEEDED at 2021-10-26 18:44:08 UTC numAttempts=1 : Plan finished.]
2021-10-26 18:44:08.181 UTC INFO - [admin1] Plan 15 [CreateIndex users_graphGE_:users_graphGE_XSE] ended, state=SUCCEEDED
2021-10-26 18:44:09.644 UTC INFO - [admin1] PlanStateChange [id=16 name=CreateIndex users_graphGE_:users_graphGE_XDE state=APPROVED at 2021-10-26 18:44:09 UTC numAttempts=0 : approval requested]
2021-10-26 18:44:09.645 UTC INFO - [admin1] Plan 16 [CreateIndex users_graphGE_:users_graphGE_XDE] approved
2021-10-26 18:44:09.646 UTC INFO - [admin1] PlanStateChange [id=16 name=CreateIndex users_graphGE_:users_graphGE_XDE state=RUNNING at 2021-10-26 18:44:09 UTC numAttempts=1 : Plan is starting]
2021-10-26 18:44:09.646 UTC INFO - [admin1] Plan 16 [CreateIndex users_graphGE_:users_graphGE_XDE] started, 3 tasks
2021-10-26 18:44:09.648 UTC INFO - [admin1] Plan 16 [CreateIndex users_graphGE_:users_graphGE_XDE] task [StartAddIndex users_graphGE_:users_graphGE_XDE] [1] started
2021-10-26 18:44:09.653 UTC INFO - [admin1] Plan 16 [CreateIndex users_graphGE_:users_graphGE_XDE] broadcasting TableMetadata[14, n:-, t:9, 14] for StartAddIndex users_graphGE_:users_graphGE_XDE
2021-10-26 18:44:09.661 UTC INFO - [admin1] Plan 16 [CreateIndex users_graphGE_:users_graphGE_XDE] successful broadcast to all groups of TABLE metadata seq# 14, for StartAddIndex users_graphGE_:users_graphGE_XDE, attempts=1
2021-10-26 18:44:09.664 UTC INFO - [admin1] PlanProgress [id=16 name=CreateIndex users_graphGE_:users_graphGE_XDE state=RUNNING reportTime=2021-10-26 18:44:09 UTC numAttempts=1 generalTask_Total=3 generalTask_Successful=1 generalTask_NotStarted=2]
2021-10-26 18:44:09.667 UTC INFO - [admin1] Plan 16 [CreateIndex users_graphGE_:users_graphGE_XDE] task [StartAddIndex users_graphGE_:users_graphGE_XDE] [1] ended, state=SUCCEEDED
2021-10-26 18:44:09.667 UTC INFO - [admin1] Plan 16 [CreateIndex users_graphGE_:users_graphGE_XDE] task [WaitForAddIndex users_graphGE_:users_graphGE_XDE on rg1] [2] started
2021-10-26 18:44:09.685 UTC INFO - [admin1] Plan 16 [CreateIndex users_graphGE_:users_graphGE_XDE] task [WaitForAddIndex users_graphGE_:users_graphGE_XDE on rg1] done=false
2021-10-26 18:44:10.197 UTC INFO - [admin1] Plan 16 [CreateIndex users_graphGE_:users_graphGE_XDE] task [WaitForAddIndex users_graphGE_:users_graphGE_XDE on rg1] done=true
2021-10-26 18:44:10.200 UTC INFO - [admin1] PlanProgress [id=16 name=CreateIndex users_graphGE_:users_graphGE_XDE state=RUNNING reportTime=2021-10-26 18:44:10 UTC numAttempts=1 generalTask_Total=3 generalTask_Successful=2 generalTask_NotStarted=1]
2021-10-26 18:44:10.201 UTC INFO - [admin1] Plan 16 [CreateIndex users_graphGE_:users_graphGE_XDE] task [WaitForAddIndex users_graphGE_:users_graphGE_XDE on rg1] [2] ended, state=SUCCEEDED
2021-10-26 18:44:10.202 UTC INFO - [admin1] Plan 16 [CreateIndex users_graphGE_:users_graphGE_XDE] task [CompleteAddIndex users_graphGE_:users_graphGE_XDE] [3] started
2021-10-26 18:44:10.205 UTC INFO - [admin1] Plan 16 [CreateIndex users_graphGE_:users_graphGE_XDE] broadcasting TableMetadata[15, n:-, t:9, 15] for CompleteAddIndex users_graphGE_:users_graphGE_XDE
2021-10-26 18:44:10.212 UTC INFO - [admin1] Plan 16 [CreateIndex users_graphGE_:users_graphGE_XDE] successful broadcast to all groups of TABLE metadata seq# 15, for CompleteAddIndex users_graphGE_:users_graphGE_XDE, attempts=1
2021-10-26 18:44:10.215 UTC INFO - [admin1] PlanProgress [id=16 name=CreateIndex users_graphGE_:users_graphGE_XDE state=RUNNING reportTime=2021-10-26 18:44:10 UTC numAttempts=1 generalTask_Total=3 generalTask_Successful=3]
2021-10-26 18:44:10.216 UTC INFO - [admin1] Plan 16 [CreateIndex users_graphGE_:users_graphGE_XDE] task [CompleteAddIndex users_graphGE_:users_graphGE_XDE] [3] ended, state=SUCCEEDED
2021-10-26 18:44:10.216 UTC INFO - [admin1] PlanStateChange [id=16 name=CreateIndex users_graphGE_:users_graphGE_XDE state=SUCCEEDED at 2021-10-26 18:44:10 UTC numAttempts=1 : Plan finished.]
2021-10-26 18:44:10.218 UTC INFO - [admin1] Plan 16 [CreateIndex users_graphGE_:users_graphGE_XDE] ended, state=SUCCEEDED
2021-10-26 18:44:11.667 UTC INFO - [admin1] PlanStateChange [id=17 name=CreateIndex users_graphGE_:users_graphGE_KVS state=APPROVED at 2021-10-26 18:44:11 UTC numAttempts=0 : approval requested]
2021-10-26 18:44:11.668 UTC INFO - [admin1] Plan 17 [CreateIndex users_graphGE_:users_graphGE_KVS] approved
2021-10-26 18:44:11.668 UTC INFO - [admin1] PlanStateChange [id=17 name=CreateIndex users_graphGE_:users_graphGE_KVS state=RUNNING at 2021-10-26 18:44:11 UTC numAttempts=1 : Plan is starting]
2021-10-26 18:44:11.668 UTC INFO - [admin1] Plan 17 [CreateIndex users_graphGE_:users_graphGE_KVS] started, 3 tasks
2021-10-26 18:44:11.670 UTC INFO - [admin1] Plan 17 [CreateIndex users_graphGE_:users_graphGE_KVS] task [StartAddIndex users_graphGE_:users_graphGE_KVS] [1] started
2021-10-26 18:44:11.674 UTC INFO - [admin1] Plan 17 [CreateIndex users_graphGE_:users_graphGE_KVS] broadcasting TableMetadata[16, n:-, t:9, 16] for StartAddIndex users_graphGE_:users_graphGE_KVS
2021-10-26 18:44:11.680 UTC INFO - [admin1] Plan 17 [CreateIndex users_graphGE_:users_graphGE_KVS] successful broadcast to all groups of TABLE metadata seq# 16, for StartAddIndex users_graphGE_:users_graphGE_KVS, attempts=1
2021-10-26 18:44:11.683 UTC INFO - [admin1] PlanProgress [id=17 name=CreateIndex users_graphGE_:users_graphGE_KVS state=RUNNING reportTime=2021-10-26 18:44:11 UTC numAttempts=1 generalTask_Total=3 generalTask_Successful=1 generalTask_NotStarted=2]
2021-10-26 18:44:11.685 UTC INFO - [admin1] Plan 17 [CreateIndex users_graphGE_:users_graphGE_KVS] task [StartAddIndex users_graphGE_:users_graphGE_KVS] [1] ended, state=SUCCEEDED
2021-10-26 18:44:11.685 UTC INFO - [admin1] Plan 17 [CreateIndex users_graphGE_:users_graphGE_KVS] task [WaitForAddIndex users_graphGE_:users_graphGE_KVS on rg1] [2] started
2021-10-26 18:44:11.694 UTC INFO - [admin1] Plan 17 [CreateIndex users_graphGE_:users_graphGE_KVS] task [WaitForAddIndex users_graphGE_:users_graphGE_KVS on rg1] done=false
2021-10-26 18:44:12.208 UTC INFO - [admin1] Plan 17 [CreateIndex users_graphGE_:users_graphGE_KVS] task [WaitForAddIndex users_graphGE_:users_graphGE_KVS on rg1] done=true
2021-10-26 18:44:12.210 UTC INFO - [admin1] PlanProgress [id=17 name=CreateIndex users_graphGE_:users_graphGE_KVS state=RUNNING reportTime=2021-10-26 18:44:12 UTC numAttempts=1 generalTask_Total=3 generalTask_Successful=2 generalTask_NotStarted=1]
2021-10-26 18:44:12.211 UTC INFO - [admin1] Plan 17 [CreateIndex users_graphGE_:users_graphGE_KVS] task [WaitForAddIndex users_graphGE_:users_graphGE_KVS on rg1] [2] ended, state=SUCCEEDED
2021-10-26 18:44:12.211 UTC INFO - [admin1] Plan 17 [CreateIndex users_graphGE_:users_graphGE_KVS] task [CompleteAddIndex users_graphGE_:users_graphGE_KVS] [3] started
2021-10-26 18:44:12.216 UTC INFO - [admin1] Plan 17 [CreateIndex users_graphGE_:users_graphGE_KVS] broadcasting TableMetadata[17, n:-, t:9, 17] for CompleteAddIndex users_graphGE_:users_graphGE_KVS
2021-10-26 18:44:12.222 UTC INFO - [admin1] Plan 17 [CreateIndex users_graphGE_:users_graphGE_KVS] successful broadcast to all groups of TABLE metadata seq# 17, for CompleteAddIndex users_graphGE_:users_graphGE_KVS, attempts=1
2021-10-26 18:44:12.225 UTC INFO - [admin1] PlanProgress [id=17 name=CreateIndex users_graphGE_:users_graphGE_KVS state=RUNNING reportTime=2021-10-26 18:44:12 UTC numAttempts=1 generalTask_Total=3 generalTask_Successful=3]
2021-10-26 18:44:12.226 UTC INFO - [admin1] Plan 17 [CreateIndex users_graphGE_:users_graphGE_KVS] task [CompleteAddIndex users_graphGE_:users_graphGE_KVS] [3] ended, state=SUCCEEDED
2021-10-26 18:44:12.226 UTC INFO - [admin1] PlanStateChange [id=17 name=CreateIndex users_graphGE_:users_graphGE_KVS state=SUCCEEDED at 2021-10-26 18:44:12 UTC numAttempts=1 : Plan finished.]
2021-10-26 18:44:12.228 UTC INFO - [admin1] Plan 17 [CreateIndex users_graphGE_:users_graphGE_KVS] ended, state=SUCCEEDED
2021-10-26 18:44:13.690 UTC INFO - [admin1] PlanStateChange [id=18 name=CreateTable users_graphIT_ state=APPROVED at 2021-10-26 18:44:13 UTC numAttempts=0 : approval requested]
2021-10-26 18:44:13.691 UTC INFO - [admin1] Plan 18 [CreateTable users_graphIT_] approved
2021-10-26 18:44:13.692 UTC INFO - [admin1] PlanStateChange [id=18 name=CreateTable users_graphIT_ state=RUNNING at 2021-10-26 18:44:13 UTC numAttempts=1 : Plan is starting]
2021-10-26 18:44:13.692 UTC INFO - [admin1] Plan 18 [CreateTable users_graphIT_] started, 1 tasks
2021-10-26 18:44:13.694 UTC INFO - [admin1] Plan 18 [CreateTable users_graphIT_] task [AddTable users_graphIT_] [1] started
2021-10-26 18:44:13.697 UTC INFO - [admin1] Plan 18 [CreateTable users_graphIT_] broadcasting TableMetadata[18, n:-, t:10, 18] for AddTable users_graphIT_
2021-10-26 18:44:13.703 UTC INFO - [admin1] Plan 18 [CreateTable users_graphIT_] successful broadcast to all groups of TABLE metadata seq# 18, for AddTable users_graphIT_, attempts=1
2021-10-26 18:44:13.705 UTC INFO - [admin1] PlanProgress [id=18 name=CreateTable users_graphIT_ state=RUNNING reportTime=2021-10-26 18:44:13 UTC numAttempts=1 generalTask_Total=1 generalTask_Successful=1]
2021-10-26 18:44:13.707 UTC INFO - [admin1] Plan 18 [CreateTable users_graphIT_] task [AddTable users_graphIT_] [1] ended, state=SUCCEEDED
2021-10-26 18:44:13.708 UTC INFO - [admin1] PlanStateChange [id=18 name=CreateTable users_graphIT_ state=SUCCEEDED at 2021-10-26 18:44:13 UTC numAttempts=1 : Plan finished.]
2021-10-26 18:44:13.709 UTC INFO - [admin1] Plan 18 [CreateTable users_graphIT_] ended, state=SUCCEEDED
2021-10-26 18:44:15.709 UTC INFO - [admin1] PlanStateChange [id=19 name=CreateIndex users_graphIT_:users_graphIT_EI state=APPROVED at 2021-10-26 18:44:15 UTC numAttempts=0 : approval requested]
2021-10-26 18:44:15.710 UTC INFO - [admin1] Plan 19 [CreateIndex users_graphIT_:users_graphIT_EI] approved
2021-10-26 18:44:15.711 UTC INFO - [admin1] PlanStateChange [id=19 name=CreateIndex users_graphIT_:users_graphIT_EI state=RUNNING at 2021-10-26 18:44:15 UTC numAttempts=1 : Plan is starting]
2021-10-26 18:44:15.711 UTC INFO - [admin1] Plan 19 [CreateIndex users_graphIT_:users_graphIT_EI] started, 3 tasks
2021-10-26 18:44:15.713 UTC INFO - [admin1] Plan 19 [CreateIndex users_graphIT_:users_graphIT_EI] task [StartAddIndex users_graphIT_:users_graphIT_EI] [1] started
2021-10-26 18:44:15.716 UTC INFO - [admin1] Plan 19 [CreateIndex users_graphIT_:users_graphIT_EI] broadcasting TableMetadata[19, n:-, t:10, 19] for StartAddIndex users_graphIT_:users_graphIT_EI
2021-10-26 18:44:15.721 UTC INFO - [admin1] Plan 19 [CreateIndex users_graphIT_:users_graphIT_EI] successful broadcast to all groups of TABLE metadata seq# 19, for StartAddIndex users_graphIT_:users_graphIT_EI, attempts=1
2021-10-26 18:44:15.723 UTC INFO - [admin1] PlanProgress [id=19 name=CreateIndex users_graphIT_:users_graphIT_EI state=RUNNING reportTime=2021-10-26 18:44:15 UTC numAttempts=1 generalTask_Total=3 generalTask_Successful=1 generalTask_NotStarted=2]
2021-10-26 18:44:15.725 UTC INFO - [admin1] Plan 19 [CreateIndex users_graphIT_:users_graphIT_EI] task [StartAddIndex users_graphIT_:users_graphIT_EI] [1] ended, state=SUCCEEDED
2021-10-26 18:44:15.725 UTC INFO - [admin1] Plan 19 [CreateIndex users_graphIT_:users_graphIT_EI] task [WaitForAddIndex users_graphIT_:users_graphIT_EI on rg1] [2] started
2021-10-26 18:44:15.735 UTC INFO - [admin1] Plan 19 [CreateIndex users_graphIT_:users_graphIT_EI] task [WaitForAddIndex users_graphIT_:users_graphIT_EI on rg1] done=false
2021-10-26 18:44:16.243 UTC INFO - [admin1] Plan 19 [CreateIndex users_graphIT_:users_graphIT_EI] task [WaitForAddIndex users_graphIT_:users_graphIT_EI on rg1] done=true
2021-10-26 18:44:16.246 UTC INFO - [admin1] PlanProgress [id=19 name=CreateIndex users_graphIT_:users_graphIT_EI state=RUNNING reportTime=2021-10-26 18:44:16 UTC numAttempts=1 generalTask_Total=3 generalTask_Successful=2 generalTask_NotStarted=1]
2021-10-26 18:44:16.247 UTC INFO - [admin1] Plan 19 [CreateIndex users_graphIT_:users_graphIT_EI] task [WaitForAddIndex users_graphIT_:users_graphIT_EI on rg1] [2] ended, state=SUCCEEDED
2021-10-26 18:44:16.247 UTC INFO - [admin1] Plan 19 [CreateIndex users_graphIT_:users_graphIT_EI] task [CompleteAddIndex users_graphIT_:users_graphIT_EI] [3] started
2021-10-26 18:44:16.250 UTC INFO - [admin1] Plan 19 [CreateIndex users_graphIT_:users_graphIT_EI] broadcasting TableMetadata[20, n:-, t:10, 20] for CompleteAddIndex users_graphIT_:users_graphIT_EI
2021-10-26 18:44:16.255 UTC INFO - [admin1] Plan 19 [CreateIndex users_graphIT_:users_graphIT_EI] successful broadcast to all groups of TABLE metadata seq# 20, for CompleteAddIndex users_graphIT_:users_graphIT_EI, attempts=1
2021-10-26 18:44:16.257 UTC INFO - [admin1] PlanProgress [id=19 name=CreateIndex users_graphIT_:users_graphIT_EI state=RUNNING reportTime=2021-10-26 18:44:16 UTC numAttempts=1 generalTask_Total=3 generalTask_Successful=3]
2021-10-26 18:44:16.258 UTC INFO - [admin1] Plan 19 [CreateIndex users_graphIT_:users_graphIT_EI] task [CompleteAddIndex users_graphIT_:users_graphIT_EI] [3] ended, state=SUCCEEDED
2021-10-26 18:44:16.258 UTC INFO - [admin1] PlanStateChange [id=19 name=CreateIndex users_graphIT_:users_graphIT_EI state=SUCCEEDED at 2021-10-26 18:44:16 UTC numAttempts=1 : Plan finished.]
2021-10-26 18:44:16.260 UTC INFO - [admin1] Plan 19 [CreateIndex users_graphIT_:users_graphIT_EI] ended, state=SUCCEEDED
2021-10-26 18:44:17.728 UTC INFO - [admin1] PlanStateChange [id=20 name=CreateTable users_graphIT_.K state=APPROVED at 2021-10-26 18:44:17 UTC numAttempts=0 : approval requested]
2021-10-26 18:44:17.730 UTC INFO - [admin1] Plan 20 [CreateTable users_graphIT_.K] approved
2021-10-26 18:44:17.730 UTC INFO - [admin1] PlanStateChange [id=20 name=CreateTable users_graphIT_.K state=RUNNING at 2021-10-26 18:44:17 UTC numAttempts=1 : Plan is starting]
2021-10-26 18:44:17.731 UTC INFO - [admin1] Plan 20 [CreateTable users_graphIT_.K] started, 1 tasks
2021-10-26 18:44:17.733 UTC INFO - [admin1] Plan 20 [CreateTable users_graphIT_.K] task [AddTable K] [1] started
2021-10-26 18:44:17.736 UTC INFO - [admin1] Plan 20 [CreateTable users_graphIT_.K] broadcasting TableMetadata[21, n:-, t:10, 21] for AddTable K
2021-10-26 18:44:17.741 UTC INFO - [admin1] Plan 20 [CreateTable users_graphIT_.K] successful broadcast to all groups of TABLE metadata seq# 21, for AddTable K, attempts=1
2021-10-26 18:44:17.744 UTC INFO - [admin1] PlanProgress [id=20 name=CreateTable users_graphIT_.K state=RUNNING reportTime=2021-10-26 18:44:17 UTC numAttempts=1 generalTask_Total=1 generalTask_Successful=1]
2021-10-26 18:44:17.746 UTC INFO - [admin1] Plan 20 [CreateTable users_graphIT_.K] task [AddTable K] [1] ended, state=SUCCEEDED
2021-10-26 18:44:17.746 UTC INFO - [admin1] PlanStateChange [id=20 name=CreateTable users_graphIT_.K state=SUCCEEDED at 2021-10-26 18:44:17 UTC numAttempts=1 : Plan finished.]
2021-10-26 18:44:17.747 UTC INFO - [admin1] Plan 20 [CreateTable users_graphIT_.K] ended, state=SUCCEEDED
2021-10-26 18:44:03.483 UTC INFO - [rg1-rn1] Metadata stored type: TABLE, seq#: 8
2021-10-26 18:44:03.484 UTC INFO - [rg1-rn1] Starting Thread[KV table maintenance,5,]
2021-10-26 18:44:03.484 UTC INFO - [rg1-rn1] Establishing secondary database handles, table seq#: 8
2021-10-26 18:44:03.485 UTC INFO - [rg1-rn1] Established 0 secondary database handles
2021-10-26 18:44:03.595 UTC INFO - [rg1-rn1] Metadata stored type: TABLE, seq#: 9
2021-10-26 18:44:03.596 UTC INFO - [rg1-rn1] Starting Thread[KV table maintenance,5,]
2021-10-26 18:44:03.596 UTC INFO - [rg1-rn1] Establishing secondary database handles, table seq#: 9
2021-10-26 18:44:03.610 UTC INFO - [rg1-rn1] Established 1 secondary database handles
2021-10-26 18:44:03.611 UTC INFO - [rg1-rn1] Running secondary population
2021-10-26 18:44:03.662 UTC INFO - [rg1-rn1] Completed populating secondary database(s)
2021-10-26 18:44:04.164 UTC INFO - [rg1-rn1] Metadata stored type: TABLE, seq#: 10
2021-10-26 18:44:04.164 UTC INFO - [rg1-rn1] Starting Thread[KV table maintenance,5,]
2021-10-26 18:44:04.165 UTC INFO - [rg1-rn1] Establishing secondary database handles, table seq#: 10
2021-10-26 18:44:04.166 UTC INFO - [rg1-rn1] Established 1 secondary database handles
2021-10-26 18:44:05.613 UTC INFO - [rg1-rn1] Metadata stored type: TABLE, seq#: 11
2021-10-26 18:44:05.613 UTC INFO - [rg1-rn1] Starting Thread[KV table maintenance,5,]
2021-10-26 18:44:05.613 UTC INFO - [rg1-rn1] Establishing secondary database handles, table seq#: 11
2021-10-26 18:44:05.615 UTC INFO - [rg1-rn1] Established 1 secondary database handles
2021-10-26 18:44:07.633 UTC INFO - [rg1-rn1] Metadata stored type: TABLE, seq#: 12
2021-10-26 18:44:07.634 UTC INFO - [rg1-rn1] Starting Thread[KV table maintenance,5,]
2021-10-26 18:44:07.634 UTC INFO - [rg1-rn1] Establishing secondary database handles, table seq#: 12
2021-10-26 18:44:07.636 UTC INFO - [rg1-rn1] Established 2 secondary database handles
2021-10-26 18:44:07.637 UTC INFO - [rg1-rn1] Running secondary population
2021-10-26 18:44:07.661 UTC INFO - [rg1-rn1] Completed populating secondary database(s)
2021-10-26 18:44:08.175 UTC INFO - [rg1-rn1] Metadata stored type: TABLE, seq#: 13
2021-10-26 18:44:08.175 UTC INFO - [rg1-rn1] Starting Thread[KV table maintenance,5,]
2021-10-26 18:44:08.175 UTC INFO - [rg1-rn1] Establishing secondary database handles, table seq#: 13
2021-10-26 18:44:08.177 UTC INFO - [rg1-rn1] Established 2 secondary database handles
2021-10-26 18:44:09.661 UTC INFO - [rg1-rn1] Metadata stored type: TABLE, seq#: 14
2021-10-26 18:44:09.661 UTC INFO - [rg1-rn1] Starting Thread[KV table maintenance,5,]
2021-10-26 18:44:09.662 UTC INFO - [rg1-rn1] Establishing secondary database handles, table seq#: 14
2021-10-26 18:44:09.666 UTC INFO - [rg1-rn1] Established 3 secondary database handles
2021-10-26 18:44:09.666 UTC INFO - [rg1-rn1] Running secondary population
2021-10-26 18:44:09.695 UTC INFO - [rg1-rn1] Completed populating secondary database(s)
2021-10-26 18:44:10.212 UTC INFO - [rg1-rn1] Metadata stored type: TABLE, seq#: 15
2021-10-26 18:44:10.213 UTC INFO - [rg1-rn1] Starting Thread[KV table maintenance,5,]
2021-10-26 18:44:10.213 UTC INFO - [rg1-rn1] Establishing secondary database handles, table seq#: 15
2021-10-26 18:44:10.214 UTC INFO - [rg1-rn1] Established 3 secondary database handles
2021-10-26 18:44:11.680 UTC INFO - [rg1-rn1] Metadata stored type: TABLE, seq#: 16
2021-10-26 18:44:11.680 UTC INFO - [rg1-rn1] Starting Thread[KV table maintenance,5,]
2021-10-26 18:44:11.680 UTC INFO - [rg1-rn1] Establishing secondary database handles, table seq#: 16
2021-10-26 18:44:11.683 UTC INFO - [rg1-rn1] Established 4 secondary database handles
2021-10-26 18:44:11.685 UTC INFO - [rg1-rn1] Running secondary population
2021-10-26 18:44:11.703 UTC INFO - [rg1-rn1] Completed populating secondary database(s)
2021-10-26 18:44:12.221 UTC INFO - [rg1-rn1] Metadata stored type: TABLE, seq#: 17
2021-10-26 18:44:12.222 UTC INFO - [rg1-rn1] Starting Thread[KV table maintenance,5,]
2021-10-26 18:44:12.222 UTC INFO - [rg1-rn1] Establishing secondary database handles, table seq#: 17
2021-10-26 18:44:12.223 UTC INFO - [rg1-rn1] Established 4 secondary database handles
2021-10-26 18:44:13.703 UTC INFO - [rg1-rn1] Metadata stored type: TABLE, seq#: 18
2021-10-26 18:44:13.703 UTC INFO - [rg1-rn1] Starting Thread[KV table maintenance,5,]
2021-10-26 18:44:13.703 UTC INFO - [rg1-rn1] Establishing secondary database handles, table seq#: 18
2021-10-26 18:44:13.705 UTC INFO - [rg1-rn1] Established 4 secondary database handles
2021-10-26 18:44:15.721 UTC INFO - [rg1-rn1] Metadata stored type: TABLE, seq#: 19
2021-10-26 18:44:15.721 UTC INFO - [rg1-rn1] Starting Thread[KV table maintenance,5,]
2021-10-26 18:44:15.721 UTC INFO - [rg1-rn1] Establishing secondary database handles, table seq#: 19
2021-10-26 18:44:15.725 UTC INFO - [rg1-rn1] Established 5 secondary database handles
2021-10-26 18:44:15.725 UTC INFO - [rg1-rn1] Running secondary population
2021-10-26 18:44:15.746 UTC INFO - [rg1-rn1] Completed populating secondary database(s)
2021-10-26 18:44:16.254 UTC INFO - [rg1-rn1] Metadata stored type: TABLE, seq#: 20
2021-10-26 18:44:16.255 UTC INFO - [rg1-rn1] Starting Thread[KV table maintenance,5,]
2021-10-26 18:44:16.255 UTC INFO - [rg1-rn1] Establishing secondary database handles, table seq#: 20
2021-10-26 18:44:16.256 UTC INFO - [rg1-rn1] Established 5 secondary database handles
2021-10-26 18:44:17.740 UTC INFO - [rg1-rn1] Metadata stored type: TABLE, seq#: 21
2021-10-26 18:44:17.741 UTC INFO - [rg1-rn1] Starting Thread[KV table maintenance,5,]
2021-10-26 18:44:17.741 UTC INFO - [rg1-rn1] Establishing secondary database handles, table seq#: 21
2021-10-26 18:44:17.742 UTC INFO - [rg1-rn1] Established 5 secondary database handles
2021-10-26 18:44:29.870 UTC INFO - [admin1] PlanStateChange [id=21 name=CreateTable test_1 state=APPROVED at 2021-10-26 18:44:29 UTC numAttempts=0 : approval requested]
2021-10-26 18:44:29.872 UTC INFO - [admin1] Plan 21 [CreateTable test_1] approved
2021-10-26 18:44:29.872 UTC INFO - [admin1] PlanStateChange [id=21 name=CreateTable test_1 state=RUNNING at 2021-10-26 18:44:29 UTC numAttempts=1 : Plan is starting]
2021-10-26 18:44:29.872 UTC INFO - [admin1] Plan 21 [CreateTable test_1] started, 1 tasks
2021-10-26 18:44:29.875 UTC INFO - [admin1] Plan 21 [CreateTable test_1] task [AddTable test_1] [1] started
2021-10-26 18:44:29.880 UTC INFO - [admin1] Plan 21 [CreateTable test_1] broadcasting TableMetadata[22, n:-, t:11, 22] for AddTable test_1
2021-10-26 18:44:29.887 UTC INFO - [admin1] Plan 21 [CreateTable test_1] successful broadcast to all groups of TABLE metadata seq# 22, for AddTable test_1, attempts=1
2021-10-26 18:44:29.892 UTC INFO - [admin1] PlanProgress [id=21 name=CreateTable test_1 state=RUNNING reportTime=2021-10-26 18:44:29 UTC numAttempts=1 generalTask_Total=1 generalTask_Successful=1]
2021-10-26 18:44:29.893 UTC INFO - [admin1] Plan 21 [CreateTable test_1] task [AddTable test_1] [1] ended, state=SUCCEEDED
2021-10-26 18:44:29.894 UTC INFO - [admin1] PlanStateChange [id=21 name=CreateTable test_1 state=SUCCEEDED at 2021-10-26 18:44:29 UTC numAttempts=1 : Plan finished.]
2021-10-26 18:44:29.895 UTC INFO - [admin1] Plan 21 [CreateTable test_1] ended, state=SUCCEEDED
2021-10-26 18:44:35.836 UTC INFO - [admin1] Saving create update software version plan
2021-10-26 18:44:35.838 UTC INFO - [admin1] PlanStateChange [id=22 name=SYS$UpdateVersionMetadata state=APPROVED at 2021-10-26 18:44:35 UTC numAttempts=0 : approval requested]
2021-10-26 18:44:35.840 UTC INFO - [admin1] Plan 22 [SYS$UpdateVersionMetadata] approved
2021-10-26 18:44:35.841 UTC INFO - [admin1] PlanStateChange [id=22 name=SYS$UpdateVersionMetadata state=RUNNING at 2021-10-26 18:44:35 UTC numAttempts=1 : Plan is starting]
2021-10-26 18:44:35.841 UTC INFO - [admin1] Plan 22 [SYS$UpdateVersionMetadata] started, 1 tasks
2021-10-26 18:44:35.843 UTC INFO - [admin1] Plan 22 [SYS$UpdateVersionMetadata] task [UpdateSoftwareVersion] [1] started
2021-10-26 18:44:35.868 UTC INFO - [admin1] PlanProgress [id=22 name=SYS$UpdateVersionMetadata state=RUNNING reportTime=2021-10-26 18:44:35 UTC numAttempts=1 generalTask_Total=1 generalTask_Successful=1]
2021-10-26 18:44:35.869 UTC INFO - [admin1] Plan 22 [SYS$UpdateVersionMetadata] task [UpdateSoftwareVersion] [1] ended, state=SUCCEEDED
2021-10-26 18:44:35.869 UTC INFO - [admin1] PlanStateChange [id=22 name=SYS$UpdateVersionMetadata state=SUCCEEDED at 2021-10-26 18:44:35 UTC numAttempts=1 : Plan finished.]
2021-10-26 18:44:35.871 UTC INFO - [admin1] Plan 22 [SYS$UpdateVersionMetadata] ended, state=SUCCEEDED
2021-10-26 18:44:35.882 UTC INFO - [admin1] PlanStateChange [id=23 name=SYS$UpdateGlobalVersionMetadata state=APPROVED at 2021-10-26 18:44:35 UTC numAttempts=0 : approval requested]
2021-10-26 18:44:35.884 UTC INFO - [admin1] Plan 23 [SYS$UpdateGlobalVersionMetadata] approved
2021-10-26 18:44:35.884 UTC INFO - [admin1] PlanStateChange [id=23 name=SYS$UpdateGlobalVersionMetadata state=RUNNING at 2021-10-26 18:44:35 UTC numAttempts=1 : Plan is starting]
2021-10-26 18:44:35.884 UTC INFO - [admin1] Plan 23 [SYS$UpdateGlobalVersionMetadata] started, 3 tasks
2021-10-26 18:44:35.886 UTC INFO - [admin1] Plan 23 [SYS$UpdateGlobalVersionMetadata] task [WriteNewGlobalParams sn1] [1] started
2021-10-26 18:44:35.888 UTC INFO - [admin1] Plan 23 [SYS$UpdateGlobalVersionMetadata] task [WriteNewGlobalParams sn1] changing Global params for sn1:  {storeSoftwareVersion=Parameter[storeSoftwareVersion, STRING, 19.5.25]}
2021-10-26 18:44:36.113 UTC INFO - [admin1] PlanProgress [id=23 name=SYS$UpdateGlobalVersionMetadata state=RUNNING reportTime=2021-10-26 18:44:36 UTC numAttempts=1 generalTask_Total=3 generalTask_Successful=1 generalTask_NotStarted=2]
2021-10-26 18:44:36.115 UTC INFO - [admin1] Plan 23 [SYS$UpdateGlobalVersionMetadata] task [WriteNewGlobalParams sn1] [1] ended, state=SUCCEEDED
2021-10-26 18:44:36.116 UTC INFO - [admin1] Plan 23 [SYS$UpdateGlobalVersionMetadata] task [NewRNGlobalParameters refresh rg1-rn1 global parameter state without restarting] [2] started
2021-10-26 18:44:36.129 UTC INFO - [admin1] PlanProgress [id=23 name=SYS$UpdateGlobalVersionMetadata state=RUNNING reportTime=2021-10-26 18:44:36 UTC numAttempts=1 generalTask_Total=3 generalTask_Successful=2 generalTask_NotStarted=1]
2021-10-26 18:44:36.132 UTC INFO - [admin1] Plan 23 [SYS$UpdateGlobalVersionMetadata] task [NewRNGlobalParameters refresh rg1-rn1 global parameter state without restarting] [2] ended, state=SUCCEEDED
2021-10-26 18:44:36.132 UTC INFO - [admin1] Plan 23 [SYS$UpdateGlobalVersionMetadata] task [NewAdminGlobalParameters refresh admin1 global parameter state without restarting] [3] started
2021-10-26 18:44:36.168 UTC INFO - [admin1] newGlobalParameters: refreshing global parameters
2021-10-26 18:44:36.173 UTC INFO - [admin1] PlanProgress [id=23 name=SYS$UpdateGlobalVersionMetadata state=RUNNING reportTime=2021-10-26 18:44:36 UTC numAttempts=1 generalTask_Total=3 generalTask_Successful=3]
2021-10-26 18:44:36.180 UTC INFO - [admin1] Plan 23 [SYS$UpdateGlobalVersionMetadata] task [NewAdminGlobalParameters refresh admin1 global parameter state without restarting] [3] ended, state=SUCCEEDED
2021-10-26 18:44:36.181 UTC INFO - [admin1] PlanStateChange [id=23 name=SYS$UpdateGlobalVersionMetadata state=SUCCEEDED at 2021-10-26 18:44:36 UTC numAttempts=1 : Plan finished.]
2021-10-26 18:44:36.184 UTC INFO - [admin1] Plan 23 [SYS$UpdateGlobalVersionMetadata] ended, state=SUCCEEDED
2021-10-26 18:44:36.184 UTC INFO - [admin1] SoftwareVersionUpdater: resetting interval to: 3600000 milliseconds (1 agents)
2021-10-26 18:44:35.852 UTC INFO - [sn1] newStorageNodeParameters called
2021-10-26 18:44:35.865 UTC INFO - [sn1] replaceStorageNodeParams: changing:  {softwareVersion=Parameter[softwareVersion, STRING, 19.5.25]}
2021-10-26 18:44:35.893 UTC INFO - [sn1] newGlobalParameters called
2021-10-26 18:44:36.105 UTC INFO - [sn1] CollectorService: PingCollectorAgent stop.
2021-10-26 18:44:36.106 UTC INFO - [sn1] CollectorService: JMXCollectorAgent stop.
2021-10-26 18:44:29.887 UTC INFO - [rg1-rn1] Metadata stored type: TABLE, seq#: 22
2021-10-26 18:44:29.887 UTC INFO - [rg1-rn1] Starting Thread[KV table maintenance,5,]
2021-10-26 18:44:29.887 UTC INFO - [rg1-rn1] Establishing secondary database handles, table seq#: 22
2021-10-26 18:44:29.889 UTC INFO - [rg1-rn1] Established 5 secondary database handles
2021-10-26 18:44:36.124 UTC INFO - [rg1-rn1] newGlobalParameters: refreshing global parameters
