2021-10-26 18:43:36.906 UTC INFO [rg1-rn1] Thread[ rg1-rn1 RepNodeStateUpdateThread,5,RMI Runtime] started
2021-10-26 18:43:36.920 UTC INFO [rg1-rn1] NoSQL version:19.5.25 2021-09-15 02:38:56 UTC  Build id: 7d999093884a Edition: Enterprise JE version:19.5.17 Java version:1.8.0_202
2021-10-26 18:43:36.923 UTC INFO [rg1-rn1] Created new environment dir: C:\Users\Peti\Documents\kv-19.5.25\.\kvroot\kvstore\sn1\rg1-rn1\env
2021-10-26 18:43:36.925 UTC INFO [rg1-rn1] Storage type of: C:\Users\Peti\Documents\kv-19.5.25\.\kvroot\kvstore\sn1\rg1-rn1\env is UNKNOWN
2021-10-26 18:43:36.926 UTC INFO [rg1-rn1] Can't get SN memory size. No memory allocation log.
2021-10-26 18:43:36.926 UTC INFO [rg1-rn1] JVM Runtime maxMemory:3 677 696 kB JE cache size:0 kB Max Offheap cache size:0 kB
2021-10-26 18:43:36.928 UTC INFO [rg1-rn1] Non-default JE properties for environment: {je.rep.vlsn.logCacheSize=128, je.rep.envUnknownStateTimeout=10 s, je.env.runVerifier=false, je.log.faultReadSize=4096, je.rep.vlsn.distance=1000000, je.rep.replicaTimeout=10 s, je.env.runEvictor=true, je.cleaner.minUtilization=40, je.rep.replicaAckTimeout=5 s, je.lock.nLockTables=97, je.cleaner.threads=2, je.rep.replayMaxOpenDbHandles=100, je.log.writeQueueSize=2097152, je.evictor.criticalPercentage=20, je.log.iteratorReadSize=1048576, je.log.numBuffers=16, je.rep.feederTimeout=10 s, je.nodeMaxEntries=128, je.lock.timeout=10 s, je.rep.preHeartbeatTimeoutMs=5000000000, je.rep.consistencyPolicy=NoConsistencyRequiredPolicy, je.cleaner.minFileUtilization=5, je.txn.durability=write_no_sync,write_no_sync,simple_majority, je.cleaner.readSize=1048576, je.rep.ignoreSecondaryNodeId=true, je.rep.txnRollbackLimit=10, je.log.fileCacheSize=2000, je.log.fileMax=1073741824}
2021-10-26 18:43:36.928 UTC INFO [rg1-rn1] DataChannelFactory: basic
2021-10-26 18:43:36.932 UTC INFO [rg1-rn1] Table manager created (max change history=1 000)
2021-10-26 18:43:36.939 UTC INFO [rg1-rn1] Partition database cache mode: EVICT_LN
2021-10-26 18:43:36.941 UTC INFO [rg1-rn1] Starting task: interval is 20 SECONDS, delay is 3059(ms)
2021-10-26 18:43:36.958 UTC INFO [rg1-rn1] Request type ALL is enabled
2021-10-26 18:43:36.963 UTC INFO [rg1-rn1] Thread[ rg1-rn1 MetadataUpdateThread,5,RMI Runtime] started
2021-10-26 18:43:36.963 UTC INFO [rg1-rn1] Registering GC listener with PS Scavenge
2021-10-26 18:43:36.963 UTC INFO [rg1-rn1] Registering GC listener with PS MarkSweep
2021-10-26 18:43:36.980 UTC INFO [rg1-rn1] Coordinating tasks:KVStorageStats, JEBackupManagerCopyLogFile, KVIndexCreationMax real permits:3
2021-10-26 18:43:36.981 UTC INFO [rg1-rn1] Starting RepNodeService
2021-10-26 18:43:36.981 UTC INFO [rg1-rn1] Starting RN MonitorAgent.  Server socket factory:<ClearServerSocketFactory backlog=1024 portRange=0,0 acceptMaxActiveConns=8192 useAsync> Client socket connect factory: <ClientSocketFactory name=kvstore|rn|monitor id=-1217541898 connectMs=10000 readMs=10000 localAddr=none>
2021-10-26 18:43:36.992 UTC INFO [rg1-rn1] kvstore:rg1-rn1:MONITOR service port: 60622
2021-10-26 18:43:36.992 UTC INFO [rg1-rn1] Starting MonitorAgent
2021-10-26 18:43:37.002 UTC INFO [rg1-rn1] Successfully created secure proxy for the repnode admin
2021-10-26 18:43:37.017 UTC INFO [rg1-rn1] kvstore:rg1-rn1:ADMIN service port: 60622
2021-10-26 18:43:37.018 UTC INFO [rg1-rn1] RepNodeAdmin registered
2021-10-26 18:43:37.025 UTC INFO [rg1-rn1] JE: Coordinating tasks:JEBackupManagerCopyLogFileMax real permits:1
2021-10-26 18:43:37.051 UTC INFO [rg1-rn1] JE recovery: POPULATE_UTILIZATION_PROFILE
2021-10-26 18:43:37.052 UTC INFO [rg1-rn1] JE recovery: POPULATE_EXPIRATION_PROFILE
2021-10-26 18:43:37.054 UTC INFO [rg1-rn1] JE recovery: REMOVE_TEMP_DBS
2021-10-26 18:43:37.054 UTC INFO [rg1-rn1] JE recovery: CKPT
2021-10-26 18:43:37.063 UTC INFO [rg1-rn1] JE recovery: RECOVERY_FINISHED
2021-10-26 18:43:37.068 UTC INFO [rg1-rn1] JE: No server auth method
2021-10-26 18:43:37.070 UTC INFO [rg1-rn1] JE: Started ServiceDispatcher. HostPort=DESKTOP-RMNFMID:5003
2021-10-26 18:43:37.070 UTC INFO [rg1-rn1] JE: DataChannel factory: com.sleepycat.je.rep.utilint.net.SimpleChannelFactory
2021-10-26 18:43:37.070 UTC INFO [rg1-rn1] JE: DTVLSN at start:0
2021-10-26 18:43:37.070 UTC INFO [rg1-rn1] JE: node:NullNode(-1) state change from DETACHED to UNKNOWN
2021-10-26 18:43:37.071 UTC INFO [rg1-rn1] JE: Acceptor started
2021-10-26 18:43:37.072 UTC INFO [rg1-rn1] JE: Current group size: 0
2021-10-26 18:43:37.072 UTC INFO [rg1-rn1] JE: New node rg1-rn1(-1) unknown to rep group
2021-10-26 18:43:37.072 UTC INFO [rg1-rn1] JE: Learner started
2021-10-26 18:43:37.072 UTC INFO [rg1-rn1] JE: Learner notified. Proposal:Proposal(0000017cbdea3bf0:d144bf6dacb4b26123389358a86984fd:00000002) Value: Value:DESKTOP-RMNFMID$$$5003$$$rg1-rn1$$$1
2021-10-26 18:43:37.072 UTC INFO [rg1-rn1] JE: Master changed to rg1-rn1
2021-10-26 18:43:37.072 UTC INFO [rg1-rn1] JE: Nascent group. rg1-rn1 is master by virtue of being the first node.
2021-10-26 18:43:37.072 UTC INFO [rg1-rn1] JE: node:rg1-rn1(1) state change from UNKNOWN to MASTER
2021-10-26 18:43:37.081 UTC INFO [rg1-rn1] JE: Successfully added node:rg1-rn1(1) HostPort = DESKTOP-RMNFMID: 5003 [ELECTABLE]
2021-10-26 18:43:37.082 UTC INFO [rg1-rn1] JE: Updated minimum JE group version to 7.5.0
2021-10-26 18:43:37.083 UTC INFO [rg1-rn1] JE recovery: BECOME_CONSISTENT
2021-10-26 18:43:37.083 UTC INFO [rg1-rn1] JE: Node rg1-rn1 started
2021-10-26 18:43:37.083 UTC INFO [rg1-rn1] JE: node:NullNode(-1) state change from MASTER to UNKNOWN
2021-10-26 18:43:37.083 UTC INFO [rg1-rn1] JE: node:rg1-rn1(1) state change from UNKNOWN to MASTER
2021-10-26 18:43:37.083 UTC INFO [rg1-rn1] JE: Feeder manager accepting requests.
2021-10-26 18:43:37.083 UTC INFO [rg1-rn1] JE: Joining group as master
2021-10-26 18:43:37.084 UTC INFO [rg1-rn1] Opened JE environment: 19.5.17 JVM max heap: 3 765 960 704 JE properties:  nodeName=null allowCreate=true recoveryProgressListener=true classLoader=false customStats=false cacheSize=2636172492 offHeapCacheSize=0 cacheMode=EVICT_LN txnNoSync=false txnWriteNoSync=false exceptionListener=false map={je.lock.timeout=10 s, je.cleaner.minFileUtilization=5, je.cleaner.readSize=1048576, je.log.faultReadSize=4096, je.rep.consistencyPolicy=NoConsistencyRequiredPolicy, je.log.fileMax=1073741824, je.rep.feederTimeout=10 s, je.rep.node.priority=1, je.file.logging.prefix=rg1-rn1, je.rep.nodeName=rg1-rn1, je.nodeMaxEntries=128, je.log.writeQueueSize=2097152, je.evictor.criticalPercentage=20, je.maxDisk=1073741824, je.maxMemoryPercent=70, je.env.runVerifier=false, je.rep.electableGroupSizeOverride=0, je.env.runEvictor=true, je.log.iteratorReadSize=1048576, je.txn.durability=WRITE_NO_SYNC,WRITE_NO_SYNC,SIMPLE_MAJORITY, je.maxOffHeapMemory=0, je.checkpointer.bytesInterval=500000000, je.log.numBuffers=16, je.rep.nodeHostPort=DESKTOP-RMNFMID:5003, je.rep.vlsn.distance=1000000, je.rep.txnRollbackLimit=10, je.rep.replayMaxOpenDbHandles=100, je.rep.ignoreSecondaryNodeId=true, je.maxMemory=0, je.file.logging.directory=./kvroot/kvstore/log, je.cleaner.minUtilization=40, je.env.isTransactional=true, je.log.fileCacheSize=2000, je.rep.helperHosts=DESKTOP-RMNFMID:5003, je.rep.preHeartbeatTimeoutMs=5000000000, je.rep.vlsn.logCacheSize=128, je.rep.replicaTimeout=10 s, je.lock.nLockTables=97, je.rep.disableAuthoritativeMaster=false, je.rep.nodeType=ELECTABLE, je.rep.envUnknownStateTimeout=10 s, je.rep.preserveRecordVersion=true, je.rep.groupName=rg1, je.rep.replicaAckTimeout=5 s, je.cleaner.threads=2}
2021-10-26 18:43:37.088 UTC INFO [rg1-rn1] Local Environment version updated to: 19.5.25 2021-09-15 02:38:56 UTC  Build id: 7d999093884a Edition: Enterprise Previous version:  none
2021-10-26 18:43:37.089 UTC INFO [rg1-rn1] State change event: Tue Oct 26 20:43:37 CEST 2021, State: MASTER, Type: ELECTABLE, Master: rg1-rn1
2021-10-26 18:43:37.089 UTC INFO [rg1-rn1] MigrationStateTracker queue added:MASTER
2021-10-26 18:43:37.089 UTC INFO [rg1-rn1] TableManagerStateTracker queue added:MASTER
2021-10-26 18:43:37.089 UTC INFO [rg1-rn1] MasterBalanceStateTracker queue added:MASTER
2021-10-26 18:43:37.089 UTC INFO [rg1-rn1] TextIndexFeederStateTracker queue added:MASTER
2021-10-26 18:43:37.089 UTC INFO [rg1-rn1] Replicated environment handle established. Cache size: 2636172492, State: MASTER
2021-10-26 18:43:37.090 UTC INFO [rg1-rn1] Store did not contain a topology
2021-10-26 18:43:37.090 UTC INFO [rg1-rn1] Topology needs to be pushed to this node.
2021-10-26 18:43:37.090 UTC INFO [rg1-rn1] MasterBalanceStateTracker thread start: rg1-rn1
2021-10-26 18:43:37.090 UTC INFO [rg1-rn1] MigrationStateTracker thread start: null
2021-10-26 18:43:37.090 UTC INFO [rg1-rn1] TableManagerStateTracker thread start: rg1-rn1
2021-10-26 18:43:37.090 UTC INFO [rg1-rn1] Migration manager change state to MASTER.
2021-10-26 18:43:37.090 UTC INFO [rg1-rn1] TextIndexFeederStateTracker thread start: rg1-rn1
2021-10-26 18:43:37.090 UTC INFO [rg1-rn1] Table manager change state to MASTER
2021-10-26 18:43:37.091 UTC INFO [rg1-rn1] TIF received state change MASTER
2021-10-26 18:43:37.091 UTC INFO [rg1-rn1] no text index found, skip starting TIF.
2021-10-26 18:43:37.092 UTC INFO [rg1-rn1] Migration db opened: MigrationDB, generation db opened: PartitionGenMD
2021-10-26 18:43:37.095 UTC INFO [rg1-rn1] Migration service accepting requests.
2021-10-26 18:43:37.098 UTC INFO [rg1-rn1] Starting Thread[KV table maintenance,5,RMI Runtime]
2021-10-26 18:43:37.100 UTC INFO [rg1-rn1] kvstore:rg1-rn1:MAIN service port: 60622
2021-10-26 18:43:37.124 UTC INFO [rg1-rn1] No RN Login configured. 
2021-10-26 18:43:37.124 UTC INFO [rg1-rn1] Service status changed from STARTING to RUNNING
2021-10-26 18:43:37.124 UTC INFO [rg1-rn1] Started RepNodeService
2021-10-26 18:43:37.892 UTC INFO [rg1-rn1] Topology updated from seq#: 0 to 4
2021-10-26 18:43:37.899 UTC INFO [rg1-rn1] Open SecurityMetadata DB
2021-10-26 18:43:37.900 UTC INFO [rg1-rn1] Established 0 partition database handles, topology seq#: 4
2021-10-26 18:43:37.901 UTC INFO [rg1-rn1] Open TableMetadata DB
2021-10-26 18:43:37.901 UTC INFO [rg1-rn1] Establishing secondary database handles, table seq#: 0
2021-10-26 18:43:37.903 UTC INFO [rg1-rn1] Established 0 secondary database handles
2021-10-26 18:43:37.903 UTC INFO [rg1-rn1] Establishing secondary database handles, table seq#: 0
2021-10-26 18:43:37.903 UTC INFO [rg1-rn1] Topology stored seq#: 4
2021-10-26 18:43:37.904 UTC INFO [rg1-rn1] Updating table metadata with TableMetadata[7, n:-, t:7, 7]
2021-10-26 18:43:37.906 UTC INFO [rg1-rn1] Metadata stored type: TABLE, seq#: 7
2021-10-26 18:43:37.908 UTC INFO [rg1-rn1] Starting Thread[KV table maintenance,5,RMI Runtime]
2021-10-26 18:43:37.908 UTC INFO [rg1-rn1] Establishing secondary database handles, table seq#: 7
2021-10-26 18:43:37.909 UTC INFO [rg1-rn1] Established 0 secondary database handles
2021-10-26 18:43:37.944 UTC INFO [rg1-rn1] newParameters are identical to old parameters
2021-10-26 18:43:37.981 UTC INFO [rg1-rn1] Topology incrementally updated from seq#: 4 to 14
2021-10-26 18:43:37.983 UTC INFO [rg1-rn1] Starting Thread[KV table maintenance,5,RMI Runtime]
2021-10-26 18:43:37.983 UTC INFO [rg1-rn1] Establishing secondary database handles, table seq#: 7
2021-10-26 18:43:37.984 UTC INFO [rg1-rn1] Established 0 secondary database handles
2021-10-26 18:43:37.987 UTC INFO [rg1-rn1] Topology stored seq#: 14
2021-10-26 18:43:37.993 UTC INFO [rg1-rn1] Established 10 partition database handles, topology seq#: 14
2021-10-26 18:44:03.483 UTC INFO [rg1-rn1] Metadata stored type: TABLE, seq#: 8
2021-10-26 18:44:03.484 UTC INFO [rg1-rn1] Starting Thread[KV table maintenance,5,RMI Runtime]
2021-10-26 18:44:03.484 UTC INFO [rg1-rn1] Establishing secondary database handles, table seq#: 8
2021-10-26 18:44:03.485 UTC INFO [rg1-rn1] Established 0 secondary database handles
2021-10-26 18:44:03.595 UTC INFO [rg1-rn1] Metadata stored type: TABLE, seq#: 9
2021-10-26 18:44:03.596 UTC INFO [rg1-rn1] Starting Thread[KV table maintenance,5,RMI Runtime]
2021-10-26 18:44:03.596 UTC INFO [rg1-rn1] Establishing secondary database handles, table seq#: 9
2021-10-26 18:44:03.610 UTC INFO [rg1-rn1] Established 1 secondary database handles
2021-10-26 18:44:03.611 UTC INFO [rg1-rn1] Running secondary population
2021-10-26 18:44:03.662 UTC INFO [rg1-rn1] Completed populating secondary database(s)
2021-10-26 18:44:04.164 UTC INFO [rg1-rn1] Metadata stored type: TABLE, seq#: 10
2021-10-26 18:44:04.164 UTC INFO [rg1-rn1] Starting Thread[KV table maintenance,5,RMI Runtime]
2021-10-26 18:44:04.165 UTC INFO [rg1-rn1] Establishing secondary database handles, table seq#: 10
2021-10-26 18:44:04.166 UTC INFO [rg1-rn1] Established 1 secondary database handles
2021-10-26 18:44:05.613 UTC INFO [rg1-rn1] Metadata stored type: TABLE, seq#: 11
2021-10-26 18:44:05.613 UTC INFO [rg1-rn1] Starting Thread[KV table maintenance,5,RMI Runtime]
2021-10-26 18:44:05.613 UTC INFO [rg1-rn1] Establishing secondary database handles, table seq#: 11
2021-10-26 18:44:05.615 UTC INFO [rg1-rn1] Established 1 secondary database handles
2021-10-26 18:44:07.633 UTC INFO [rg1-rn1] Metadata stored type: TABLE, seq#: 12
2021-10-26 18:44:07.634 UTC INFO [rg1-rn1] Starting Thread[KV table maintenance,5,RMI Runtime]
2021-10-26 18:44:07.634 UTC INFO [rg1-rn1] Establishing secondary database handles, table seq#: 12
2021-10-26 18:44:07.636 UTC INFO [rg1-rn1] Established 2 secondary database handles
2021-10-26 18:44:07.637 UTC INFO [rg1-rn1] Running secondary population
2021-10-26 18:44:07.661 UTC INFO [rg1-rn1] Completed populating secondary database(s)
2021-10-26 18:44:08.175 UTC INFO [rg1-rn1] Metadata stored type: TABLE, seq#: 13
2021-10-26 18:44:08.175 UTC INFO [rg1-rn1] Starting Thread[KV table maintenance,5,RMI Runtime]
2021-10-26 18:44:08.175 UTC INFO [rg1-rn1] Establishing secondary database handles, table seq#: 13
2021-10-26 18:44:08.177 UTC INFO [rg1-rn1] Established 2 secondary database handles
2021-10-26 18:44:09.661 UTC INFO [rg1-rn1] Metadata stored type: TABLE, seq#: 14
2021-10-26 18:44:09.661 UTC INFO [rg1-rn1] Starting Thread[KV table maintenance,5,RMI Runtime]
2021-10-26 18:44:09.662 UTC INFO [rg1-rn1] Establishing secondary database handles, table seq#: 14
2021-10-26 18:44:09.666 UTC INFO [rg1-rn1] Established 3 secondary database handles
2021-10-26 18:44:09.666 UTC INFO [rg1-rn1] Running secondary population
2021-10-26 18:44:09.695 UTC INFO [rg1-rn1] Completed populating secondary database(s)
2021-10-26 18:44:10.212 UTC INFO [rg1-rn1] Metadata stored type: TABLE, seq#: 15
2021-10-26 18:44:10.213 UTC INFO [rg1-rn1] Starting Thread[KV table maintenance,5,RMI Runtime]
2021-10-26 18:44:10.213 UTC INFO [rg1-rn1] Establishing secondary database handles, table seq#: 15
2021-10-26 18:44:10.214 UTC INFO [rg1-rn1] Established 3 secondary database handles
2021-10-26 18:44:11.680 UTC INFO [rg1-rn1] Metadata stored type: TABLE, seq#: 16
2021-10-26 18:44:11.680 UTC INFO [rg1-rn1] Starting Thread[KV table maintenance,5,RMI Runtime]
2021-10-26 18:44:11.680 UTC INFO [rg1-rn1] Establishing secondary database handles, table seq#: 16
2021-10-26 18:44:11.683 UTC INFO [rg1-rn1] Established 4 secondary database handles
2021-10-26 18:44:11.685 UTC INFO [rg1-rn1] Running secondary population
2021-10-26 18:44:11.703 UTC INFO [rg1-rn1] Completed populating secondary database(s)
2021-10-26 18:44:12.221 UTC INFO [rg1-rn1] Metadata stored type: TABLE, seq#: 17
2021-10-26 18:44:12.222 UTC INFO [rg1-rn1] Starting Thread[KV table maintenance,5,RMI Runtime]
2021-10-26 18:44:12.222 UTC INFO [rg1-rn1] Establishing secondary database handles, table seq#: 17
2021-10-26 18:44:12.223 UTC INFO [rg1-rn1] Established 4 secondary database handles
2021-10-26 18:44:13.703 UTC INFO [rg1-rn1] Metadata stored type: TABLE, seq#: 18
2021-10-26 18:44:13.703 UTC INFO [rg1-rn1] Starting Thread[KV table maintenance,5,RMI Runtime]
2021-10-26 18:44:13.703 UTC INFO [rg1-rn1] Establishing secondary database handles, table seq#: 18
2021-10-26 18:44:13.705 UTC INFO [rg1-rn1] Established 4 secondary database handles
2021-10-26 18:44:15.721 UTC INFO [rg1-rn1] Metadata stored type: TABLE, seq#: 19
2021-10-26 18:44:15.721 UTC INFO [rg1-rn1] Starting Thread[KV table maintenance,5,RMI Runtime]
2021-10-26 18:44:15.721 UTC INFO [rg1-rn1] Establishing secondary database handles, table seq#: 19
2021-10-26 18:44:15.725 UTC INFO [rg1-rn1] Established 5 secondary database handles
2021-10-26 18:44:15.725 UTC INFO [rg1-rn1] Running secondary population
2021-10-26 18:44:15.746 UTC INFO [rg1-rn1] Completed populating secondary database(s)
2021-10-26 18:44:16.254 UTC INFO [rg1-rn1] Metadata stored type: TABLE, seq#: 20
2021-10-26 18:44:16.255 UTC INFO [rg1-rn1] Starting Thread[KV table maintenance,5,RMI Runtime]
2021-10-26 18:44:16.255 UTC INFO [rg1-rn1] Establishing secondary database handles, table seq#: 20
2021-10-26 18:44:16.256 UTC INFO [rg1-rn1] Established 5 secondary database handles
2021-10-26 18:44:17.740 UTC INFO [rg1-rn1] Metadata stored type: TABLE, seq#: 21
2021-10-26 18:44:17.741 UTC INFO [rg1-rn1] Starting Thread[KV table maintenance,5,RMI Runtime]
2021-10-26 18:44:17.741 UTC INFO [rg1-rn1] Establishing secondary database handles, table seq#: 21
2021-10-26 18:44:17.742 UTC INFO [rg1-rn1] Established 5 secondary database handles
2021-10-26 18:44:29.887 UTC INFO [rg1-rn1] Metadata stored type: TABLE, seq#: 22
2021-10-26 18:44:29.887 UTC INFO [rg1-rn1] Starting Thread[KV table maintenance,5,RMI Runtime]
2021-10-26 18:44:29.887 UTC INFO [rg1-rn1] Establishing secondary database handles, table seq#: 22
2021-10-26 18:44:29.889 UTC INFO [rg1-rn1] Established 5 secondary database handles
2021-10-26 18:44:36.124 UTC INFO [rg1-rn1] newGlobalParameters: refreshing global parameters
