2021-10-26 18:43:36.187 UTC INFO [sn1] Starting StorageNodeAgent for kvstore
2021-10-26 18:43:36.209 UTC INFO [sn1] Create collector service and register parameter listeners successfully.
2021-10-26 18:43:36.214 UTC INFO [sn1] Started MasterRebalanceThread
2021-10-26 18:43:36.220 UTC INFO [sn1] Starting MonitorAgent.  Server socket factory:<ClearServerSocketFactory backlog=1024 portRange=0,0 acceptMaxActiveConns=0 useAsync> Client socket factory:<ClientSocketFactory name=kvstore|sn|monitor id=141054849 connectMs=10000 readMs=5000 localAddr=none>
2021-10-26 18:43:36.225 UTC INFO [sn1] kvstore:sn1:MONITOR service port: 60617
2021-10-26 18:43:36.227 UTC INFO [sn1] Successfully created secure proxy for the storage node agent
2021-10-26 18:43:36.231 UTC INFO [sn1] kvstore:sn1:MAIN service port: 60617
2021-10-26 18:43:36.231 UTC INFO [sn1] Rebound to registry port 5000 using name sn1 with SSF:<ClearServerSocketFactory backlog=1024 portRange=0,0 acceptMaxActiveConns=0 useAsync>
2021-10-26 18:43:36.231 UTC INFO [sn1] Service status changed from STARTING to RUNNING
2021-10-26 18:43:36.231 UTC INFO [sn1] Started StorageNodeAgent for kvstore
2021-10-26 18:43:36.290 UTC INFO [sn1] admin1: Creating AdminService
2021-10-26 18:43:36.509 UTC INFO [sn1] admin1: Created AdminService
2021-10-26 18:43:36.649 UTC INFO [sn1] rg1-rn1: Creating RepNode
2021-10-26 18:43:36.865 UTC INFO [sn1] rg1-rn1: Starting RepNode
2021-10-26 18:43:36.868 UTC INFO [sn1] rg1-rn1: Started RepNode
2021-10-26 18:43:36.868 UTC INFO [sn1] rg1-rn1: Configuring RepNode
2021-10-26 18:43:37.124 UTC INFO [sn1] Thread returning for service rg1-rn1
2021-10-26 18:43:37.908 UTC INFO [sn1] rg1-rn1: Created RepNode
2021-10-26 18:43:38.101 UTC INFO [sn1] noteState called
2021-10-26 18:43:38.101 UTC INFO [sn1] added:State RN:rg1-rn1 state: MASTER top seq num: 14
2021-10-26 18:43:38.101 UTC INFO [sn1] sn: sn1 state transition: State RN:rg1-rn1 state: MASTER top seq num: 14 active masters:[rg1-rn1] active replicas:0 replica leases:0
2021-10-26 18:43:38.101 UTC INFO [sn1] Acquiring initial topology from RNs
2021-10-26 18:43:38.103 UTC INFO [sn1] Topology acquired from RN: rg1-rn1 Topo seq#: 14
2021-10-26 18:44:35.852 UTC INFO [sn1] newStorageNodeParameters called
2021-10-26 18:44:35.865 UTC INFO [sn1] replaceStorageNodeParams: changing:  {softwareVersion=Parameter[softwareVersion, STRING, 19.5.25]}
2021-10-26 18:44:35.893 UTC INFO [sn1] newGlobalParameters called
2021-10-26 18:44:36.105 UTC INFO [sn1] CollectorService: PingCollectorAgent stop.
2021-10-26 18:44:36.106 UTC INFO [sn1] CollectorService: JMXCollectorAgent stop.
